<?xml version="1.0" encoding="UTF-8"?>
<testsuite name="hello.itemservice.domain.ItemRepositoryTest" tests="1" skipped="0" failures="0" errors="0" timestamp="2025-01-08T23:58:34" hostname="dep-MacBook-Pro.local" time="0.251">
  <properties/>
  <testcase name="findItems()" classname="hello.itemservice.domain.ItemRepositoryTest" time="0.251"/>
  <system-out><![CDATA[08:58:33.401 [Test worker] DEBUG org.springframework.test.context.BootstrapUtils - Instantiating CacheAwareContextLoaderDelegate from class [org.springframework.test.context.cache.DefaultCacheAwareContextLoaderDelegate]
08:58:33.404 [Test worker] DEBUG org.springframework.test.context.BootstrapUtils - Instantiating BootstrapContext using constructor [public org.springframework.test.context.support.DefaultBootstrapContext(java.lang.Class,org.springframework.test.context.CacheAwareContextLoaderDelegate)]
08:58:33.416 [Test worker] DEBUG org.springframework.test.context.BootstrapUtils - Instantiating TestContextBootstrapper for test class [hello.itemservice.domain.ItemRepositoryTest] from class [org.springframework.boot.test.context.SpringBootTestContextBootstrapper]
08:58:33.420 [Test worker] INFO org.springframework.boot.test.context.SpringBootTestContextBootstrapper - Neither @ContextConfiguration nor @ContextHierarchy found for test class [hello.itemservice.domain.ItemRepositoryTest], using SpringBootContextLoader
08:58:33.421 [Test worker] DEBUG org.springframework.test.context.support.AbstractContextLoader - Did not detect default resource location for test class [hello.itemservice.domain.ItemRepositoryTest]: class path resource [hello/itemservice/domain/ItemRepositoryTest-context.xml] does not exist
08:58:33.422 [Test worker] DEBUG org.springframework.test.context.support.AbstractContextLoader - Did not detect default resource location for test class [hello.itemservice.domain.ItemRepositoryTest]: class path resource [hello/itemservice/domain/ItemRepositoryTestContext.groovy] does not exist
08:58:33.422 [Test worker] INFO org.springframework.test.context.support.AbstractContextLoader - Could not detect default resource locations for test class [hello.itemservice.domain.ItemRepositoryTest]: no resource found for suffixes {-context.xml, Context.groovy}.
08:58:33.422 [Test worker] INFO org.springframework.test.context.support.AnnotationConfigContextLoaderUtils - Could not detect default configuration classes for test class [hello.itemservice.domain.ItemRepositoryTest]: ItemRepositoryTest does not declare any static, non-private, non-final, nested classes annotated with @Configuration.
08:58:33.435 [Test worker] DEBUG org.springframework.test.context.support.ActiveProfilesUtils - Could not find an 'annotation declaring class' for annotation type [org.springframework.test.context.ActiveProfiles] and class [hello.itemservice.domain.ItemRepositoryTest]
08:58:33.458 [Test worker] DEBUG org.springframework.context.annotation.ClassPathScanningCandidateComponentProvider - Identified candidate component class: file [/Users/dp/Desktop/study/spring-data-access/build/classes/java/main/hello/itemservice/ItemServiceApplication.class]
08:58:33.459 [Test worker] INFO org.springframework.boot.test.context.SpringBootTestContextBootstrapper - Found @SpringBootConfiguration hello.itemservice.ItemServiceApplication for test class hello.itemservice.domain.ItemRepositoryTest
08:58:33.485 [Test worker] DEBUG org.springframework.boot.test.context.SpringBootTestContextBootstrapper - @TestExecutionListeners is not present for class [hello.itemservice.domain.ItemRepositoryTest]: using defaults.
08:58:33.486 [Test worker] INFO org.springframework.boot.test.context.SpringBootTestContextBootstrapper - Loaded default TestExecutionListener class names from location [META-INF/spring.factories]: [org.springframework.boot.test.autoconfigure.restdocs.RestDocsTestExecutionListener, org.springframework.boot.test.autoconfigure.web.client.MockRestServiceServerResetTestExecutionListener, org.springframework.boot.test.autoconfigure.web.servlet.MockMvcPrintOnlyOnFailureTestExecutionListener, org.springframework.boot.test.autoconfigure.web.servlet.WebDriverTestExecutionListener, org.springframework.boot.test.autoconfigure.webservices.client.MockWebServiceServerTestExecutionListener, org.springframework.boot.test.mock.mockito.MockitoTestExecutionListener, org.springframework.boot.test.mock.mockito.ResetMocksTestExecutionListener, org.springframework.test.context.web.ServletTestExecutionListener, org.springframework.test.context.support.DirtiesContextBeforeModesTestExecutionListener, org.springframework.test.context.event.ApplicationEventsTestExecutionListener, org.springframework.test.context.support.DependencyInjectionTestExecutionListener, org.springframework.test.context.support.DirtiesContextTestExecutionListener, org.springframework.test.context.transaction.TransactionalTestExecutionListener, org.springframework.test.context.jdbc.SqlScriptsTestExecutionListener, org.springframework.test.context.event.EventPublishingTestExecutionListener]
08:58:33.490 [Test worker] INFO org.springframework.boot.test.context.SpringBootTestContextBootstrapper - Using TestExecutionListeners: [org.springframework.test.context.web.ServletTestExecutionListener@14f5da2c, org.springframework.test.context.support.DirtiesContextBeforeModesTestExecutionListener@12dae582, org.springframework.test.context.event.ApplicationEventsTestExecutionListener@239b0f9d, org.springframework.boot.test.mock.mockito.MockitoTestExecutionListener@619bfe29, org.springframework.boot.test.autoconfigure.SpringBootDependencyInjectionTestExecutionListener@5b057c8c, org.springframework.test.context.support.DirtiesContextTestExecutionListener@1eb6749b, org.springframework.test.context.transaction.TransactionalTestExecutionListener@652a7737, org.springframework.test.context.jdbc.SqlScriptsTestExecutionListener@5b7ea70d, org.springframework.test.context.event.EventPublishingTestExecutionListener@2bef51f2, org.springframework.boot.test.autoconfigure.restdocs.RestDocsTestExecutionListener@650eab8, org.springframework.boot.test.autoconfigure.web.client.MockRestServiceServerResetTestExecutionListener@30f5a68a, org.springframework.boot.test.autoconfigure.web.servlet.MockMvcPrintOnlyOnFailureTestExecutionListener@1e1d3956, org.springframework.boot.test.autoconfigure.web.servlet.WebDriverTestExecutionListener@4f2c9ba6, org.springframework.boot.test.autoconfigure.webservices.client.MockWebServiceServerTestExecutionListener@4e28bdd1, org.springframework.boot.test.mock.mockito.ResetMocksTestExecutionListener@53f48368]
08:58:33.491 [Test worker] DEBUG org.springframework.test.context.support.AbstractDirtiesContextTestExecutionListener - Before test class: context [DefaultTestContext@75e01201 testClass = ItemRepositoryTest, testInstance = [null], testMethod = [null], testException = [null], mergedContextConfiguration = [WebMergedContextConfiguration@2783717b testClass = ItemRepositoryTest, locations = '{}', classes = '{class hello.itemservice.ItemServiceApplication}', contextInitializerClasses = '[]', activeProfiles = '{}', propertySourceLocations = '{}', propertySourceProperties = '{org.springframework.boot.test.context.SpringBootTestContextBootstrapper=true}', contextCustomizers = set[org.springframework.boot.test.autoconfigure.actuate.metrics.MetricsExportContextCustomizerFactory$DisableMetricExportContextCustomizer@2796aeae, org.springframework.boot.test.autoconfigure.properties.PropertyMappingContextCustomizer@0, org.springframework.boot.test.autoconfigure.web.servlet.WebDriverContextCustomizerFactory$Customizer@78641d23, org.springframework.boot.test.context.filter.ExcludeFilterContextCustomizer@2f67b837, org.springframework.boot.test.json.DuplicateJsonObjectContextCustomizerFactory$DuplicateJsonObjectContextCustomizer@6cce16f4, org.springframework.boot.test.mock.mockito.MockitoContextCustomizer@0, org.springframework.boot.test.web.client.TestRestTemplateContextCustomizer@141e5bef, org.springframework.boot.test.context.SpringBootTestArgs@1, org.springframework.boot.test.context.SpringBootTestWebEnvironment@c86b9e3], resourceBasePath = 'src/main/webapp', contextLoader = 'org.springframework.boot.test.context.SpringBootContextLoader', parent = [null]], attributes = map['org.springframework.test.context.web.ServletTestExecutionListener.activateListener' -> true]], class annotated with @DirtiesContext [false] with mode [null].

  .   ____          _            __ _ _
 /\\ / ___'_ __ _ _(_)_ __  __ _ \ \ \ \
( ( )\___ | '_ | '_| | '_ \/ _` | \ \ \ \
 \\/  ___)| |_)| | | | | || (_| |  ) ) ) )
  '  |____| .__|_| |_|_| |_\__, | / / / /
 =========|_|==============|___/=/_/_/_/
 :: Spring Boot ::                (v2.6.5)

2025-01-09 08:58:33.600  INFO 9810 --- [    Test worker] h.itemservice.domain.ItemRepositoryTest  : Starting ItemRepositoryTest using Java 17.0.12 on dep-MacBook-Pro.local with PID 9810 (started by dp in /Users/dp/Desktop/study/spring-data-access)
2025-01-09 08:58:33.601  INFO 9810 --- [    Test worker] h.itemservice.domain.ItemRepositoryTest  : The following 1 profile is active: "test"
2025-01-09 08:58:34.110  INFO 9810 --- [    Test worker] o.s.b.a.w.s.WelcomePageHandlerMapping    : Adding welcome page: class path resource [static/index.html]
2025-01-09 08:58:34.208  INFO 9810 --- [    Test worker] h.itemservice.domain.ItemRepositoryTest  : Started ItemRepositoryTest in 0.703 seconds (JVM running for 1.095)
2025-01-09 08:58:34.217 DEBUG 9810 --- [    Test worker] o.s.jdbc.support.JdbcTransactionManager  : Creating new transaction with name [hello.itemservice.domain.ItemRepositoryTest.findItems]: PROPAGATION_REQUIRED,ISOLATION_DEFAULT
2025-01-09 08:58:34.218  INFO 9810 --- [    Test worker] com.zaxxer.hikari.HikariDataSource       : HikariPool-1 - Starting...
2025-01-09 08:58:34.244  INFO 9810 --- [    Test worker] com.zaxxer.hikari.HikariDataSource       : HikariPool-1 - Start completed.
2025-01-09 08:58:34.245 DEBUG 9810 --- [    Test worker] o.s.jdbc.support.JdbcTransactionManager  : Acquired Connection [HikariProxyConnection@1905766527 wrapping conn0: url=jdbc:h2:tcp://localhost/~/testcase user=SA] for JDBC transaction
2025-01-09 08:58:34.246 DEBUG 9810 --- [    Test worker] o.s.jdbc.support.JdbcTransactionManager  : Switching JDBC Connection [HikariProxyConnection@1905766527 wrapping conn0: url=jdbc:h2:tcp://localhost/~/testcase user=SA] to manual commit
2025-01-09 08:58:34.247  INFO 9810 --- [    Test worker] o.s.t.c.transaction.TransactionContext   : Began transaction (1) for test context [DefaultTestContext@75e01201 testClass = ItemRepositoryTest, testInstance = hello.itemservice.domain.ItemRepositoryTest@2f995afc, testMethod = findItems@ItemRepositoryTest, testException = [null], mergedContextConfiguration = [WebMergedContextConfiguration@2783717b testClass = ItemRepositoryTest, locations = '{}', classes = '{class hello.itemservice.ItemServiceApplication}', contextInitializerClasses = '[]', activeProfiles = '{}', propertySourceLocations = '{}', propertySourceProperties = '{org.springframework.boot.test.context.SpringBootTestContextBootstrapper=true}', contextCustomizers = set[org.springframework.boot.test.autoconfigure.actuate.metrics.MetricsExportContextCustomizerFactory$DisableMetricExportContextCustomizer@2796aeae, org.springframework.boot.test.autoconfigure.properties.PropertyMappingContextCustomizer@0, org.springframework.boot.test.autoconfigure.web.servlet.WebDriverContextCustomizerFactory$Customizer@78641d23, org.springframework.boot.test.context.filter.ExcludeFilterContextCustomizer@2f67b837, org.springframework.boot.test.json.DuplicateJsonObjectContextCustomizerFactory$DuplicateJsonObjectContextCustomizer@6cce16f4, org.springframework.boot.test.mock.mockito.MockitoContextCustomizer@0, org.springframework.boot.test.web.client.TestRestTemplateContextCustomizer@141e5bef, org.springframework.boot.test.context.SpringBootTestArgs@1, org.springframework.boot.test.context.SpringBootTestWebEnvironment@c86b9e3], resourceBasePath = 'src/main/webapp', contextLoader = 'org.springframework.boot.test.context.SpringBootContextLoader', parent = [null]], attributes = map['org.springframework.test.context.web.ServletTestExecutionListener.activateListener' -> true, 'org.springframework.test.context.web.ServletTestExecutionListener.populatedRequestContextHolder' -> true, 'org.springframework.test.context.web.ServletTestExecutionListener.resetRequestContextHolder' -> true, 'org.springframework.test.context.event.ApplicationEventsTestExecutionListener.recordApplicationEvents' -> false]]; transaction manager [org.springframework.jdbc.support.JdbcTransactionManager@377949f1]; rollback [true]
2025-01-09 08:58:34.370 DEBUG 9810 --- [    Test worker] o.s.jdbc.core.simple.SimpleJdbcInsert    : JdbcInsert not compiled before execution - invoking compile
2025-01-09 08:58:34.377 DEBUG 9810 --- [    Test worker] o.s.j.c.m.TableMetaDataProviderFactory   : Using GenericTableMetaDataProvider
2025-01-09 08:58:34.377 DEBUG 9810 --- [    Test worker] o.s.j.c.metadata.TableMetaDataProvider   : GetGeneratedKeys is supported
2025-01-09 08:58:34.378 DEBUG 9810 --- [    Test worker] o.s.j.c.metadata.TableMetaDataProvider   : GeneratedKeysColumnNameArray is supported for H2
2025-01-09 08:58:34.404 DEBUG 9810 --- [    Test worker] o.s.j.c.metadata.TableMetaDataProvider   : Retrieving meta-data for TESTCASE/PUBLIC/ITEM
2025-01-09 08:58:34.419 DEBUG 9810 --- [    Test worker] o.s.j.c.metadata.TableMetaDataProvider   : Retrieved meta-data: 'ID', sqlType=-5, nullable=false
2025-01-09 08:58:34.420 DEBUG 9810 --- [    Test worker] o.s.j.c.metadata.TableMetaDataProvider   : Retrieved meta-data: 'ITEM_NAME', sqlType=12, nullable=true
2025-01-09 08:58:34.420 DEBUG 9810 --- [    Test worker] o.s.j.c.metadata.TableMetaDataProvider   : Retrieved meta-data: 'PRICE', sqlType=4, nullable=true
2025-01-09 08:58:34.420 DEBUG 9810 --- [    Test worker] o.s.j.c.metadata.TableMetaDataProvider   : Retrieved meta-data: 'QUANTITY', sqlType=4, nullable=true
2025-01-09 08:58:34.420 DEBUG 9810 --- [    Test worker] o.s.jdbc.core.simple.SimpleJdbcInsert    : Compiled insert object: insert string is [INSERT INTO item (ITEM_NAME, PRICE, QUANTITY) VALUES(?, ?, ?)]
2025-01-09 08:58:34.420 DEBUG 9810 --- [    Test worker] o.s.jdbc.core.simple.SimpleJdbcInsert    : JdbcInsert for table [item] compiled
2025-01-09 08:58:34.421 DEBUG 9810 --- [    Test worker] o.s.jdbc.core.simple.SimpleJdbcInsert    : The following parameters are used for call INSERT INTO item (ITEM_NAME, PRICE, QUANTITY) VALUES(?, ?, ?) with: [org.springframework.jdbc.core.SqlParameterValue@1c2d63f0, org.springframework.jdbc.core.SqlParameterValue@3a588b5f, org.springframework.jdbc.core.SqlParameterValue@20b54cfe]
2025-01-09 08:58:34.422 DEBUG 9810 --- [    Test worker] o.s.jdbc.core.JdbcTemplate               : Executing SQL update and returning generated keys
2025-01-09 08:58:34.422 DEBUG 9810 --- [    Test worker] o.s.jdbc.core.JdbcTemplate               : Executing prepared SQL statement
2025-01-09 08:58:34.422 DEBUG 9810 --- [    Test worker] o.s.jdbc.core.simple.SimpleJdbcInsert    : Using generated keys support with array of column names.
2025-01-09 08:58:34.423 DEBUG 9810 --- [    Test worker] o.s.jdbc.core.StatementCreatorUtils      : Overriding type info with runtime info from SqlParameterValue: column index 1, SQL type 12, type name null
2025-01-09 08:58:34.424 DEBUG 9810 --- [    Test worker] o.s.jdbc.core.StatementCreatorUtils      : Overriding type info with runtime info from SqlParameterValue: column index 2, SQL type 4, type name null
2025-01-09 08:58:34.424 DEBUG 9810 --- [    Test worker] o.s.jdbc.core.StatementCreatorUtils      : Overriding type info with runtime info from SqlParameterValue: column index 3, SQL type 4, type name null
2025-01-09 08:58:34.426 DEBUG 9810 --- [    Test worker] o.s.jdbc.core.simple.SimpleJdbcInsert    : The following parameters are used for call INSERT INTO item (ITEM_NAME, PRICE, QUANTITY) VALUES(?, ?, ?) with: [org.springframework.jdbc.core.SqlParameterValue@15586843, org.springframework.jdbc.core.SqlParameterValue@4fbb1144, org.springframework.jdbc.core.SqlParameterValue@e2b3026]
2025-01-09 08:58:34.426 DEBUG 9810 --- [    Test worker] o.s.jdbc.core.JdbcTemplate               : Executing SQL update and returning generated keys
2025-01-09 08:58:34.426 DEBUG 9810 --- [    Test worker] o.s.jdbc.core.JdbcTemplate               : Executing prepared SQL statement
2025-01-09 08:58:34.426 DEBUG 9810 --- [    Test worker] o.s.jdbc.core.simple.SimpleJdbcInsert    : Using generated keys support with array of column names.
2025-01-09 08:58:34.426 DEBUG 9810 --- [    Test worker] o.s.jdbc.core.StatementCreatorUtils      : Overriding type info with runtime info from SqlParameterValue: column index 1, SQL type 12, type name null
2025-01-09 08:58:34.426 DEBUG 9810 --- [    Test worker] o.s.jdbc.core.StatementCreatorUtils      : Overriding type info with runtime info from SqlParameterValue: column index 2, SQL type 4, type name null
2025-01-09 08:58:34.426 DEBUG 9810 --- [    Test worker] o.s.jdbc.core.StatementCreatorUtils      : Overriding type info with runtime info from SqlParameterValue: column index 3, SQL type 4, type name null
2025-01-09 08:58:34.427 DEBUG 9810 --- [    Test worker] o.s.jdbc.core.simple.SimpleJdbcInsert    : The following parameters are used for call INSERT INTO item (ITEM_NAME, PRICE, QUANTITY) VALUES(?, ?, ?) with: [org.springframework.jdbc.core.SqlParameterValue@38bc5ac0, org.springframework.jdbc.core.SqlParameterValue@6ef037e4, org.springframework.jdbc.core.SqlParameterValue@79d63a4f]
2025-01-09 08:58:34.427 DEBUG 9810 --- [    Test worker] o.s.jdbc.core.JdbcTemplate               : Executing SQL update and returning generated keys
2025-01-09 08:58:34.427 DEBUG 9810 --- [    Test worker] o.s.jdbc.core.JdbcTemplate               : Executing prepared SQL statement
2025-01-09 08:58:34.427 DEBUG 9810 --- [    Test worker] o.s.jdbc.core.simple.SimpleJdbcInsert    : Using generated keys support with array of column names.
2025-01-09 08:58:34.427 DEBUG 9810 --- [    Test worker] o.s.jdbc.core.StatementCreatorUtils      : Overriding type info with runtime info from SqlParameterValue: column index 1, SQL type 12, type name null
2025-01-09 08:58:34.427 DEBUG 9810 --- [    Test worker] o.s.jdbc.core.StatementCreatorUtils      : Overriding type info with runtime info from SqlParameterValue: column index 2, SQL type 4, type name null
2025-01-09 08:58:34.427 DEBUG 9810 --- [    Test worker] o.s.jdbc.core.StatementCreatorUtils      : Overriding type info with runtime info from SqlParameterValue: column index 3, SQL type 4, type name null
2025-01-09 08:58:34.428  INFO 9810 --- [    Test worker] h.i.r.j.JdbcTemplateItemRepositoryV3     : sql=select id, item_name, price, quantity from item
2025-01-09 08:58:34.429 DEBUG 9810 --- [    Test worker] o.s.jdbc.core.JdbcTemplate               : Executing prepared SQL query
2025-01-09 08:58:34.429 DEBUG 9810 --- [    Test worker] o.s.jdbc.core.JdbcTemplate               : Executing prepared SQL statement [select id, item_name, price, quantity from item]
2025-01-09 08:58:34.429 DEBUG 9810 --- [    Test worker] o.s.jdbc.core.BeanPropertyRowMapper      : Mapping column 'ID' to property 'id' of type 'java.lang.Long'
2025-01-09 08:58:34.430 DEBUG 9810 --- [    Test worker] o.s.jdbc.core.BeanPropertyRowMapper      : Mapping column 'ITEM_NAME' to property 'itemName' of type 'java.lang.String'
2025-01-09 08:58:34.430 DEBUG 9810 --- [    Test worker] o.s.jdbc.core.BeanPropertyRowMapper      : Mapping column 'PRICE' to property 'price' of type 'java.lang.Integer'
2025-01-09 08:58:34.430 DEBUG 9810 --- [    Test worker] o.s.jdbc.core.BeanPropertyRowMapper      : Mapping column 'QUANTITY' to property 'quantity' of type 'java.lang.Integer'
2025-01-09 08:58:34.448  INFO 9810 --- [    Test worker] h.i.r.j.JdbcTemplateItemRepositoryV3     : sql=select id, item_name, price, quantity from item
2025-01-09 08:58:34.448 DEBUG 9810 --- [    Test worker] o.s.jdbc.core.JdbcTemplate               : Executing prepared SQL query
2025-01-09 08:58:34.449 DEBUG 9810 --- [    Test worker] o.s.jdbc.core.JdbcTemplate               : Executing prepared SQL statement [select id, item_name, price, quantity from item]
2025-01-09 08:58:34.449 DEBUG 9810 --- [    Test worker] o.s.jdbc.core.BeanPropertyRowMapper      : Mapping column 'ID' to property 'id' of type 'java.lang.Long'
2025-01-09 08:58:34.449 DEBUG 9810 --- [    Test worker] o.s.jdbc.core.BeanPropertyRowMapper      : Mapping column 'ITEM_NAME' to property 'itemName' of type 'java.lang.String'
2025-01-09 08:58:34.449 DEBUG 9810 --- [    Test worker] o.s.jdbc.core.BeanPropertyRowMapper      : Mapping column 'PRICE' to property 'price' of type 'java.lang.Integer'
2025-01-09 08:58:34.449 DEBUG 9810 --- [    Test worker] o.s.jdbc.core.BeanPropertyRowMapper      : Mapping column 'QUANTITY' to property 'quantity' of type 'java.lang.Integer'
2025-01-09 08:58:34.450  INFO 9810 --- [    Test worker] h.i.r.j.JdbcTemplateItemRepositoryV3     : sql=select id, item_name, price, quantity from item where item_name like concat('%',:itemName,'%')
2025-01-09 08:58:34.450 DEBUG 9810 --- [    Test worker] o.s.jdbc.core.JdbcTemplate               : Executing prepared SQL query
2025-01-09 08:58:34.450 DEBUG 9810 --- [    Test worker] o.s.jdbc.core.JdbcTemplate               : Executing prepared SQL statement [select id, item_name, price, quantity from item where item_name like concat('%',?,'%')]
2025-01-09 08:58:34.451 DEBUG 9810 --- [    Test worker] o.s.jdbc.core.BeanPropertyRowMapper      : Mapping column 'ID' to property 'id' of type 'java.lang.Long'
2025-01-09 08:58:34.451 DEBUG 9810 --- [    Test worker] o.s.jdbc.core.BeanPropertyRowMapper      : Mapping column 'ITEM_NAME' to property 'itemName' of type 'java.lang.String'
2025-01-09 08:58:34.451 DEBUG 9810 --- [    Test worker] o.s.jdbc.core.BeanPropertyRowMapper      : Mapping column 'PRICE' to property 'price' of type 'java.lang.Integer'
2025-01-09 08:58:34.452 DEBUG 9810 --- [    Test worker] o.s.jdbc.core.BeanPropertyRowMapper      : Mapping column 'QUANTITY' to property 'quantity' of type 'java.lang.Integer'
2025-01-09 08:58:34.452  INFO 9810 --- [    Test worker] h.i.r.j.JdbcTemplateItemRepositoryV3     : sql=select id, item_name, price, quantity from item where item_name like concat('%',:itemName,'%')
2025-01-09 08:58:34.452 DEBUG 9810 --- [    Test worker] o.s.jdbc.core.JdbcTemplate               : Executing prepared SQL query
2025-01-09 08:58:34.452 DEBUG 9810 --- [    Test worker] o.s.jdbc.core.JdbcTemplate               : Executing prepared SQL statement [select id, item_name, price, quantity from item where item_name like concat('%',?,'%')]
2025-01-09 08:58:34.453 DEBUG 9810 --- [    Test worker] o.s.jdbc.core.BeanPropertyRowMapper      : Mapping column 'ID' to property 'id' of type 'java.lang.Long'
2025-01-09 08:58:34.453 DEBUG 9810 --- [    Test worker] o.s.jdbc.core.BeanPropertyRowMapper      : Mapping column 'ITEM_NAME' to property 'itemName' of type 'java.lang.String'
2025-01-09 08:58:34.453 DEBUG 9810 --- [    Test worker] o.s.jdbc.core.BeanPropertyRowMapper      : Mapping column 'PRICE' to property 'price' of type 'java.lang.Integer'
2025-01-09 08:58:34.453 DEBUG 9810 --- [    Test worker] o.s.jdbc.core.BeanPropertyRowMapper      : Mapping column 'QUANTITY' to property 'quantity' of type 'java.lang.Integer'
2025-01-09 08:58:34.453  INFO 9810 --- [    Test worker] h.i.r.j.JdbcTemplateItemRepositoryV3     : sql=select id, item_name, price, quantity from item where item_name like concat('%',:itemName,'%')
2025-01-09 08:58:34.453 DEBUG 9810 --- [    Test worker] o.s.jdbc.core.JdbcTemplate               : Executing prepared SQL query
2025-01-09 08:58:34.453 DEBUG 9810 --- [    Test worker] o.s.jdbc.core.JdbcTemplate               : Executing prepared SQL statement [select id, item_name, price, quantity from item where item_name like concat('%',?,'%')]
2025-01-09 08:58:34.453 DEBUG 9810 --- [    Test worker] o.s.jdbc.core.BeanPropertyRowMapper      : Mapping column 'ID' to property 'id' of type 'java.lang.Long'
2025-01-09 08:58:34.454 DEBUG 9810 --- [    Test worker] o.s.jdbc.core.BeanPropertyRowMapper      : Mapping column 'ITEM_NAME' to property 'itemName' of type 'java.lang.String'
2025-01-09 08:58:34.455 DEBUG 9810 --- [    Test worker] o.s.jdbc.core.BeanPropertyRowMapper      : Mapping column 'PRICE' to property 'price' of type 'java.lang.Integer'
2025-01-09 08:58:34.455 DEBUG 9810 --- [    Test worker] o.s.jdbc.core.BeanPropertyRowMapper      : Mapping column 'QUANTITY' to property 'quantity' of type 'java.lang.Integer'
2025-01-09 08:58:34.455  INFO 9810 --- [    Test worker] h.i.r.j.JdbcTemplateItemRepositoryV3     : sql=select id, item_name, price, quantity from item where price <= :maxPrice
2025-01-09 08:58:34.455 DEBUG 9810 --- [    Test worker] o.s.jdbc.core.JdbcTemplate               : Executing prepared SQL query
2025-01-09 08:58:34.455 DEBUG 9810 --- [    Test worker] o.s.jdbc.core.JdbcTemplate               : Executing prepared SQL statement [select id, item_name, price, quantity from item where price <= ?]
2025-01-09 08:58:34.456 DEBUG 9810 --- [    Test worker] o.s.jdbc.core.BeanPropertyRowMapper      : Mapping column 'ID' to property 'id' of type 'java.lang.Long'
2025-01-09 08:58:34.456 DEBUG 9810 --- [    Test worker] o.s.jdbc.core.BeanPropertyRowMapper      : Mapping column 'ITEM_NAME' to property 'itemName' of type 'java.lang.String'
2025-01-09 08:58:34.456 DEBUG 9810 --- [    Test worker] o.s.jdbc.core.BeanPropertyRowMapper      : Mapping column 'PRICE' to property 'price' of type 'java.lang.Integer'
2025-01-09 08:58:34.456 DEBUG 9810 --- [    Test worker] o.s.jdbc.core.BeanPropertyRowMapper      : Mapping column 'QUANTITY' to property 'quantity' of type 'java.lang.Integer'
2025-01-09 08:58:34.456  INFO 9810 --- [    Test worker] h.i.r.j.JdbcTemplateItemRepositoryV3     : sql=select id, item_name, price, quantity from item where item_name like concat('%',:itemName,'%') and price <= :maxPrice
2025-01-09 08:58:34.456 DEBUG 9810 --- [    Test worker] o.s.jdbc.core.JdbcTemplate               : Executing prepared SQL query
2025-01-09 08:58:34.456 DEBUG 9810 --- [    Test worker] o.s.jdbc.core.JdbcTemplate               : Executing prepared SQL statement [select id, item_name, price, quantity from item where item_name like concat('%',?,'%') and price <= ?]
2025-01-09 08:58:34.457 DEBUG 9810 --- [    Test worker] o.s.jdbc.core.BeanPropertyRowMapper      : Mapping column 'ID' to property 'id' of type 'java.lang.Long'
2025-01-09 08:58:34.457 DEBUG 9810 --- [    Test worker] o.s.jdbc.core.BeanPropertyRowMapper      : Mapping column 'ITEM_NAME' to property 'itemName' of type 'java.lang.String'
2025-01-09 08:58:34.457 DEBUG 9810 --- [    Test worker] o.s.jdbc.core.BeanPropertyRowMapper      : Mapping column 'PRICE' to property 'price' of type 'java.lang.Integer'
2025-01-09 08:58:34.457 DEBUG 9810 --- [    Test worker] o.s.jdbc.core.BeanPropertyRowMapper      : Mapping column 'QUANTITY' to property 'quantity' of type 'java.lang.Integer'
2025-01-09 08:58:34.460 DEBUG 9810 --- [    Test worker] o.s.jdbc.support.JdbcTransactionManager  : Initiating transaction rollback
2025-01-09 08:58:34.461 DEBUG 9810 --- [    Test worker] o.s.jdbc.support.JdbcTransactionManager  : Rolling back JDBC transaction on Connection [HikariProxyConnection@1905766527 wrapping conn0: url=jdbc:h2:tcp://localhost/~/testcase user=SA]
2025-01-09 08:58:34.462 DEBUG 9810 --- [    Test worker] o.s.jdbc.support.JdbcTransactionManager  : Releasing JDBC Connection [HikariProxyConnection@1905766527 wrapping conn0: url=jdbc:h2:tcp://localhost/~/testcase user=SA] after transaction
2025-01-09 08:58:34.464  INFO 9810 --- [    Test worker] o.s.t.c.transaction.TransactionContext   : Rolled back transaction for test: [DefaultTestContext@75e01201 testClass = ItemRepositoryTest, testInstance = hello.itemservice.domain.ItemRepositoryTest@2f995afc, testMethod = findItems@ItemRepositoryTest, testException = [null], mergedContextConfiguration = [WebMergedContextConfiguration@2783717b testClass = ItemRepositoryTest, locations = '{}', classes = '{class hello.itemservice.ItemServiceApplication}', contextInitializerClasses = '[]', activeProfiles = '{}', propertySourceLocations = '{}', propertySourceProperties = '{org.springframework.boot.test.context.SpringBootTestContextBootstrapper=true}', contextCustomizers = set[org.springframework.boot.test.autoconfigure.actuate.metrics.MetricsExportContextCustomizerFactory$DisableMetricExportContextCustomizer@2796aeae, org.springframework.boot.test.autoconfigure.properties.PropertyMappingContextCustomizer@0, org.springframework.boot.test.autoconfigure.web.servlet.WebDriverContextCustomizerFactory$Customizer@78641d23, org.springframework.boot.test.context.filter.ExcludeFilterContextCustomizer@2f67b837, org.springframework.boot.test.json.DuplicateJsonObjectContextCustomizerFactory$DuplicateJsonObjectContextCustomizer@6cce16f4, org.springframework.boot.test.mock.mockito.MockitoContextCustomizer@0, org.springframework.boot.test.web.client.TestRestTemplateContextCustomizer@141e5bef, org.springframework.boot.test.context.SpringBootTestArgs@1, org.springframework.boot.test.context.SpringBootTestWebEnvironment@c86b9e3], resourceBasePath = 'src/main/webapp', contextLoader = 'org.springframework.boot.test.context.SpringBootContextLoader', parent = [null]], attributes = map['org.springframework.test.context.web.ServletTestExecutionListener.activateListener' -> true, 'org.springframework.test.context.web.ServletTestExecutionListener.populatedRequestContextHolder' -> true, 'org.springframework.test.context.web.ServletTestExecutionListener.resetRequestContextHolder' -> true, 'org.springframework.test.context.event.ApplicationEventsTestExecutionListener.recordApplicationEvents' -> false]]
]]></system-out>
  <system-err><![CDATA[]]></system-err>
</testsuite>
