<?xml version="1.0" encoding="UTF-8"?>
<testsuite name="hello.itemservice.domain.ItemRepositoryTest" tests="3" skipped="0" failures="0" errors="0" timestamp="2025-01-08T10:19:22" hostname="iseunghaui-MacBookPro.local" time="1.029">
  <properties/>
  <testcase name="updateItem()" classname="hello.itemservice.domain.ItemRepositoryTest" time="0.898"/>
  <testcase name="save()" classname="hello.itemservice.domain.ItemRepositoryTest" time="0.031"/>
  <testcase name="findItems()" classname="hello.itemservice.domain.ItemRepositoryTest" time="0.091"/>
  <system-out><![CDATA[19:19:18.023 [Test worker] DEBUG org.springframework.test.context.BootstrapUtils - Instantiating CacheAwareContextLoaderDelegate from class [org.springframework.test.context.cache.DefaultCacheAwareContextLoaderDelegate]
19:19:18.039 [Test worker] DEBUG org.springframework.test.context.BootstrapUtils - Instantiating BootstrapContext using constructor [public org.springframework.test.context.support.DefaultBootstrapContext(java.lang.Class,org.springframework.test.context.CacheAwareContextLoaderDelegate)]
19:19:18.095 [Test worker] DEBUG org.springframework.test.context.BootstrapUtils - Instantiating TestContextBootstrapper for test class [hello.itemservice.domain.ItemRepositoryTest] from class [org.springframework.boot.test.context.SpringBootTestContextBootstrapper]
19:19:18.111 [Test worker] INFO org.springframework.boot.test.context.SpringBootTestContextBootstrapper - Neither @ContextConfiguration nor @ContextHierarchy found for test class [hello.itemservice.domain.ItemRepositoryTest], using SpringBootContextLoader
19:19:18.117 [Test worker] DEBUG org.springframework.test.context.support.AbstractContextLoader - Did not detect default resource location for test class [hello.itemservice.domain.ItemRepositoryTest]: class path resource [hello/itemservice/domain/ItemRepositoryTest-context.xml] does not exist
19:19:18.119 [Test worker] DEBUG org.springframework.test.context.support.AbstractContextLoader - Did not detect default resource location for test class [hello.itemservice.domain.ItemRepositoryTest]: class path resource [hello/itemservice/domain/ItemRepositoryTestContext.groovy] does not exist
19:19:18.119 [Test worker] INFO org.springframework.test.context.support.AbstractContextLoader - Could not detect default resource locations for test class [hello.itemservice.domain.ItemRepositoryTest]: no resource found for suffixes {-context.xml, Context.groovy}.
19:19:18.119 [Test worker] INFO org.springframework.test.context.support.AnnotationConfigContextLoaderUtils - Could not detect default configuration classes for test class [hello.itemservice.domain.ItemRepositoryTest]: ItemRepositoryTest does not declare any static, non-private, non-final, nested classes annotated with @Configuration.
19:19:18.192 [Test worker] DEBUG org.springframework.test.context.support.ActiveProfilesUtils - Could not find an 'annotation declaring class' for annotation type [org.springframework.test.context.ActiveProfiles] and class [hello.itemservice.domain.ItemRepositoryTest]
19:19:18.297 [Test worker] DEBUG org.springframework.context.annotation.ClassPathScanningCandidateComponentProvider - Identified candidate component class: file [/Users/seungha/Desktop/my/spring-data-access/build/classes/java/main/hello/itemservice/ItemServiceApplication.class]
19:19:18.304 [Test worker] INFO org.springframework.boot.test.context.SpringBootTestContextBootstrapper - Found @SpringBootConfiguration hello.itemservice.ItemServiceApplication for test class hello.itemservice.domain.ItemRepositoryTest
19:19:18.402 [Test worker] DEBUG org.springframework.boot.test.context.SpringBootTestContextBootstrapper - @TestExecutionListeners is not present for class [hello.itemservice.domain.ItemRepositoryTest]: using defaults.
19:19:18.403 [Test worker] INFO org.springframework.boot.test.context.SpringBootTestContextBootstrapper - Loaded default TestExecutionListener class names from location [META-INF/spring.factories]: [org.springframework.boot.test.autoconfigure.restdocs.RestDocsTestExecutionListener, org.springframework.boot.test.autoconfigure.web.client.MockRestServiceServerResetTestExecutionListener, org.springframework.boot.test.autoconfigure.web.servlet.MockMvcPrintOnlyOnFailureTestExecutionListener, org.springframework.boot.test.autoconfigure.web.servlet.WebDriverTestExecutionListener, org.springframework.boot.test.autoconfigure.webservices.client.MockWebServiceServerTestExecutionListener, org.springframework.boot.test.mock.mockito.MockitoTestExecutionListener, org.springframework.boot.test.mock.mockito.ResetMocksTestExecutionListener, org.springframework.test.context.web.ServletTestExecutionListener, org.springframework.test.context.support.DirtiesContextBeforeModesTestExecutionListener, org.springframework.test.context.event.ApplicationEventsTestExecutionListener, org.springframework.test.context.support.DependencyInjectionTestExecutionListener, org.springframework.test.context.support.DirtiesContextTestExecutionListener, org.springframework.test.context.transaction.TransactionalTestExecutionListener, org.springframework.test.context.jdbc.SqlScriptsTestExecutionListener, org.springframework.test.context.event.EventPublishingTestExecutionListener]
19:19:18.418 [Test worker] INFO org.springframework.boot.test.context.SpringBootTestContextBootstrapper - Using TestExecutionListeners: [org.springframework.test.context.web.ServletTestExecutionListener@dcfda20, org.springframework.test.context.support.DirtiesContextBeforeModesTestExecutionListener@6d304f9d, org.springframework.test.context.event.ApplicationEventsTestExecutionListener@f73dcd6, org.springframework.boot.test.mock.mockito.MockitoTestExecutionListener@5c87bfe2, org.springframework.boot.test.autoconfigure.SpringBootDependencyInjectionTestExecutionListener@2fea7088, org.springframework.test.context.support.DirtiesContextTestExecutionListener@40499e4f, org.springframework.test.context.transaction.TransactionalTestExecutionListener@51cd7ffc, org.springframework.test.context.jdbc.SqlScriptsTestExecutionListener@30d4b288, org.springframework.test.context.event.EventPublishingTestExecutionListener@4cc6fa2a, org.springframework.boot.test.autoconfigure.restdocs.RestDocsTestExecutionListener@40f1be1b, org.springframework.boot.test.autoconfigure.web.client.MockRestServiceServerResetTestExecutionListener@7a791b66, org.springframework.boot.test.autoconfigure.web.servlet.MockMvcPrintOnlyOnFailureTestExecutionListener@6f2cb653, org.springframework.boot.test.autoconfigure.web.servlet.WebDriverTestExecutionListener@14c01636, org.springframework.boot.test.autoconfigure.webservices.client.MockWebServiceServerTestExecutionListener@590c73d3, org.springframework.boot.test.mock.mockito.ResetMocksTestExecutionListener@6b9ce1bf]
19:19:18.422 [Test worker] DEBUG org.springframework.test.context.support.AbstractDirtiesContextTestExecutionListener - Before test class: context [DefaultTestContext@41925502 testClass = ItemRepositoryTest, testInstance = [null], testMethod = [null], testException = [null], mergedContextConfiguration = [WebMergedContextConfiguration@13e3c1c7 testClass = ItemRepositoryTest, locations = '{}', classes = '{class hello.itemservice.ItemServiceApplication}', contextInitializerClasses = '[]', activeProfiles = '{}', propertySourceLocations = '{}', propertySourceProperties = '{org.springframework.boot.test.context.SpringBootTestContextBootstrapper=true}', contextCustomizers = set[org.springframework.boot.test.autoconfigure.actuate.metrics.MetricsExportContextCustomizerFactory$DisableMetricExportContextCustomizer@600b9d27, org.springframework.boot.test.autoconfigure.properties.PropertyMappingContextCustomizer@0, org.springframework.boot.test.autoconfigure.web.servlet.WebDriverContextCustomizerFactory$Customizer@1efe439d, org.springframework.boot.test.context.filter.ExcludeFilterContextCustomizer@413f69cc, org.springframework.boot.test.json.DuplicateJsonObjectContextCustomizerFactory$DuplicateJsonObjectContextCustomizer@1984b1f, org.springframework.boot.test.mock.mockito.MockitoContextCustomizer@0, org.springframework.boot.test.web.client.TestRestTemplateContextCustomizer@30c93896, org.springframework.boot.test.context.SpringBootTestArgs@1, org.springframework.boot.test.context.SpringBootTestWebEnvironment@6a2f6f80], resourceBasePath = 'src/main/webapp', contextLoader = 'org.springframework.boot.test.context.SpringBootContextLoader', parent = [null]], attributes = map['org.springframework.test.context.web.ServletTestExecutionListener.activateListener' -> true]], class annotated with @DirtiesContext [false] with mode [null].

  .   ____          _            __ _ _
 /\\ / ___'_ __ _ _(_)_ __  __ _ \ \ \ \
( ( )\___ | '_ | '_| | '_ \/ _` | \ \ \ \
 \\/  ___)| |_)| | | | | || (_| |  ) ) ) )
  '  |____| .__|_| |_|_| |_\__, | / / / /
 =========|_|==============|___/=/_/_/_/
 :: Spring Boot ::                (v2.6.5)

2025-01-08 19:19:18.993  INFO 96937 --- [    Test worker] h.itemservice.domain.ItemRepositoryTest  : Starting ItemRepositoryTest using Java 17.0.3 on iseunghaui-MacBookPro.local with PID 96937 (started by seungha in /Users/seungha/Desktop/my/spring-data-access)
2025-01-08 19:19:18.995  INFO 96937 --- [    Test worker] h.itemservice.domain.ItemRepositoryTest  : The following 1 profile is active: "test"
2025-01-08 19:19:22.026  INFO 96937 --- [    Test worker] o.s.b.a.w.s.WelcomePageHandlerMapping    : Adding welcome page: class path resource [static/index.html]
2025-01-08 19:19:22.461  INFO 96937 --- [    Test worker] h.itemservice.domain.ItemRepositoryTest  : Started ItemRepositoryTest in 3.978 seconds (JVM running for 5.604)
2025-01-08 19:19:22.997 DEBUG 96937 --- [    Test worker] o.s.jdbc.support.JdbcTransactionManager  : Creating new transaction with name [null]: PROPAGATION_REQUIRED,ISOLATION_DEFAULT
2025-01-08 19:19:22.998  INFO 96937 --- [    Test worker] com.zaxxer.hikari.HikariDataSource       : HikariPool-1 - Starting...
2025-01-08 19:19:23.113  INFO 96937 --- [    Test worker] com.zaxxer.hikari.HikariDataSource       : HikariPool-1 - Start completed.
2025-01-08 19:19:23.119 DEBUG 96937 --- [    Test worker] o.s.jdbc.support.JdbcTransactionManager  : Acquired Connection [HikariProxyConnection@908139452 wrapping conn0: url=jdbc:h2:tcp://localhost/~/testcase user=USER] for JDBC transaction
2025-01-08 19:19:23.121 DEBUG 96937 --- [    Test worker] o.s.jdbc.support.JdbcTransactionManager  : Switching JDBC Connection [HikariProxyConnection@908139452 wrapping conn0: url=jdbc:h2:tcp://localhost/~/testcase user=USER] to manual commit
2025-01-08 19:19:23.143 DEBUG 96937 --- [    Test worker] o.s.jdbc.core.simple.SimpleJdbcInsert    : JdbcInsert not compiled before execution - invoking compile
2025-01-08 19:19:23.153 DEBUG 96937 --- [    Test worker] o.s.j.c.m.TableMetaDataProviderFactory   : Using GenericTableMetaDataProvider
2025-01-08 19:19:23.153 DEBUG 96937 --- [    Test worker] o.s.j.c.metadata.TableMetaDataProvider   : GetGeneratedKeys is supported
2025-01-08 19:19:23.153 DEBUG 96937 --- [    Test worker] o.s.j.c.metadata.TableMetaDataProvider   : GeneratedKeysColumnNameArray is supported for H2
2025-01-08 19:19:23.193 DEBUG 96937 --- [    Test worker] o.s.j.c.metadata.TableMetaDataProvider   : Retrieving meta-data for TESTCASE/PUBLIC/ITEM
2025-01-08 19:19:23.210 DEBUG 96937 --- [    Test worker] o.s.j.c.metadata.TableMetaDataProvider   : Retrieved meta-data: 'ID', sqlType=-5, nullable=false
2025-01-08 19:19:23.210 DEBUG 96937 --- [    Test worker] o.s.j.c.metadata.TableMetaDataProvider   : Retrieved meta-data: 'ITEM_NAME', sqlType=12, nullable=true
2025-01-08 19:19:23.210 DEBUG 96937 --- [    Test worker] o.s.j.c.metadata.TableMetaDataProvider   : Retrieved meta-data: 'PRICE', sqlType=4, nullable=true
2025-01-08 19:19:23.210 DEBUG 96937 --- [    Test worker] o.s.j.c.metadata.TableMetaDataProvider   : Retrieved meta-data: 'QUANTITY', sqlType=4, nullable=true
2025-01-08 19:19:23.211 DEBUG 96937 --- [    Test worker] o.s.jdbc.core.simple.SimpleJdbcInsert    : Compiled insert object: insert string is [INSERT INTO item (ITEM_NAME, PRICE, QUANTITY) VALUES(?, ?, ?)]
2025-01-08 19:19:23.212 DEBUG 96937 --- [    Test worker] o.s.jdbc.core.simple.SimpleJdbcInsert    : JdbcInsert for table [item] compiled
2025-01-08 19:19:23.235 DEBUG 96937 --- [    Test worker] o.s.jdbc.core.simple.SimpleJdbcInsert    : The following parameters are used for call INSERT INTO item (ITEM_NAME, PRICE, QUANTITY) VALUES(?, ?, ?) with: [org.springframework.jdbc.core.SqlParameterValue@1eab8437, org.springframework.jdbc.core.SqlParameterValue@72eed547, org.springframework.jdbc.core.SqlParameterValue@69ffdaa8]
2025-01-08 19:19:23.241 DEBUG 96937 --- [    Test worker] o.s.jdbc.core.JdbcTemplate               : Executing SQL update and returning generated keys
2025-01-08 19:19:23.242 DEBUG 96937 --- [    Test worker] o.s.jdbc.core.JdbcTemplate               : Executing prepared SQL statement
2025-01-08 19:19:23.243 DEBUG 96937 --- [    Test worker] o.s.jdbc.core.simple.SimpleJdbcInsert    : Using generated keys support with array of column names.
2025-01-08 19:19:23.245 DEBUG 96937 --- [    Test worker] o.s.jdbc.core.StatementCreatorUtils      : Overriding type info with runtime info from SqlParameterValue: column index 1, SQL type 12, type name null
2025-01-08 19:19:23.252 DEBUG 96937 --- [    Test worker] o.s.jdbc.core.StatementCreatorUtils      : Overriding type info with runtime info from SqlParameterValue: column index 2, SQL type 4, type name null
2025-01-08 19:19:23.257 DEBUG 96937 --- [    Test worker] o.s.jdbc.core.StatementCreatorUtils      : Overriding type info with runtime info from SqlParameterValue: column index 3, SQL type 4, type name null
2025-01-08 19:19:23.269 DEBUG 96937 --- [    Test worker] o.s.jdbc.core.JdbcTemplate               : Executing prepared SQL update
2025-01-08 19:19:23.272 DEBUG 96937 --- [    Test worker] o.s.jdbc.core.JdbcTemplate               : Executing prepared SQL statement [update item set item_name =?, price =?, quantity =? where id =?]
2025-01-08 19:19:23.279 DEBUG 96937 --- [    Test worker] o.s.jdbc.core.JdbcTemplate               : Executing prepared SQL query
2025-01-08 19:19:23.280 DEBUG 96937 --- [    Test worker] o.s.jdbc.core.JdbcTemplate               : Executing prepared SQL statement [select id, item_name, price, quantity from item where id =?]
2025-01-08 19:19:23.284 DEBUG 96937 --- [    Test worker] o.s.jdbc.core.BeanPropertyRowMapper      : Mapping column 'ID' to property 'id' of type 'java.lang.Long'
2025-01-08 19:19:23.286 DEBUG 96937 --- [    Test worker] o.s.jdbc.core.BeanPropertyRowMapper      : Mapping column 'ITEM_NAME' to property 'itemName' of type 'java.lang.String'
2025-01-08 19:19:23.287 DEBUG 96937 --- [    Test worker] o.s.jdbc.core.BeanPropertyRowMapper      : Mapping column 'PRICE' to property 'price' of type 'java.lang.Integer'
2025-01-08 19:19:23.287 DEBUG 96937 --- [    Test worker] o.s.jdbc.core.BeanPropertyRowMapper      : Mapping column 'QUANTITY' to property 'quantity' of type 'java.lang.Integer'
2025-01-08 19:19:23.347 DEBUG 96937 --- [    Test worker] o.s.jdbc.support.JdbcTransactionManager  : Initiating transaction rollback
2025-01-08 19:19:23.349 DEBUG 96937 --- [    Test worker] o.s.jdbc.support.JdbcTransactionManager  : Rolling back JDBC transaction on Connection [HikariProxyConnection@908139452 wrapping conn0: url=jdbc:h2:tcp://localhost/~/testcase user=USER]
2025-01-08 19:19:23.352 DEBUG 96937 --- [    Test worker] o.s.jdbc.support.JdbcTransactionManager  : Releasing JDBC Connection [HikariProxyConnection@908139452 wrapping conn0: url=jdbc:h2:tcp://localhost/~/testcase user=USER] after transaction
2025-01-08 19:19:23.418 DEBUG 96937 --- [    Test worker] o.s.jdbc.support.JdbcTransactionManager  : Creating new transaction with name [null]: PROPAGATION_REQUIRED,ISOLATION_DEFAULT
2025-01-08 19:19:23.418 DEBUG 96937 --- [    Test worker] o.s.jdbc.support.JdbcTransactionManager  : Acquired Connection [HikariProxyConnection@1657624109 wrapping conn0: url=jdbc:h2:tcp://localhost/~/testcase user=USER] for JDBC transaction
2025-01-08 19:19:23.418 DEBUG 96937 --- [    Test worker] o.s.jdbc.support.JdbcTransactionManager  : Switching JDBC Connection [HikariProxyConnection@1657624109 wrapping conn0: url=jdbc:h2:tcp://localhost/~/testcase user=USER] to manual commit
2025-01-08 19:19:23.419 DEBUG 96937 --- [    Test worker] o.s.jdbc.core.simple.SimpleJdbcInsert    : The following parameters are used for call INSERT INTO item (ITEM_NAME, PRICE, QUANTITY) VALUES(?, ?, ?) with: [org.springframework.jdbc.core.SqlParameterValue@3d1c52f5, org.springframework.jdbc.core.SqlParameterValue@4e7bc939, org.springframework.jdbc.core.SqlParameterValue@67b5e613]
2025-01-08 19:19:23.420 DEBUG 96937 --- [    Test worker] o.s.jdbc.core.JdbcTemplate               : Executing SQL update and returning generated keys
2025-01-08 19:19:23.420 DEBUG 96937 --- [    Test worker] o.s.jdbc.core.JdbcTemplate               : Executing prepared SQL statement
2025-01-08 19:19:23.420 DEBUG 96937 --- [    Test worker] o.s.jdbc.core.simple.SimpleJdbcInsert    : Using generated keys support with array of column names.
2025-01-08 19:19:23.421 DEBUG 96937 --- [    Test worker] o.s.jdbc.core.StatementCreatorUtils      : Overriding type info with runtime info from SqlParameterValue: column index 1, SQL type 12, type name null
2025-01-08 19:19:23.421 DEBUG 96937 --- [    Test worker] o.s.jdbc.core.StatementCreatorUtils      : Overriding type info with runtime info from SqlParameterValue: column index 2, SQL type 4, type name null
2025-01-08 19:19:23.421 DEBUG 96937 --- [    Test worker] o.s.jdbc.core.StatementCreatorUtils      : Overriding type info with runtime info from SqlParameterValue: column index 3, SQL type 4, type name null
2025-01-08 19:19:23.423 DEBUG 96937 --- [    Test worker] o.s.jdbc.core.JdbcTemplate               : Executing prepared SQL query
2025-01-08 19:19:23.423 DEBUG 96937 --- [    Test worker] o.s.jdbc.core.JdbcTemplate               : Executing prepared SQL statement [select id, item_name, price, quantity from item where id =?]
2025-01-08 19:19:23.428 DEBUG 96937 --- [    Test worker] o.s.jdbc.core.BeanPropertyRowMapper      : Mapping column 'ID' to property 'id' of type 'java.lang.Long'
2025-01-08 19:19:23.428 DEBUG 96937 --- [    Test worker] o.s.jdbc.core.BeanPropertyRowMapper      : Mapping column 'ITEM_NAME' to property 'itemName' of type 'java.lang.String'
2025-01-08 19:19:23.429 DEBUG 96937 --- [    Test worker] o.s.jdbc.core.BeanPropertyRowMapper      : Mapping column 'PRICE' to property 'price' of type 'java.lang.Integer'
2025-01-08 19:19:23.429 DEBUG 96937 --- [    Test worker] o.s.jdbc.core.BeanPropertyRowMapper      : Mapping column 'QUANTITY' to property 'quantity' of type 'java.lang.Integer'
2025-01-08 19:19:23.430 DEBUG 96937 --- [    Test worker] o.s.jdbc.support.JdbcTransactionManager  : Initiating transaction rollback
2025-01-08 19:19:23.430 DEBUG 96937 --- [    Test worker] o.s.jdbc.support.JdbcTransactionManager  : Rolling back JDBC transaction on Connection [HikariProxyConnection@1657624109 wrapping conn0: url=jdbc:h2:tcp://localhost/~/testcase user=USER]
2025-01-08 19:19:23.431 DEBUG 96937 --- [    Test worker] o.s.jdbc.support.JdbcTransactionManager  : Releasing JDBC Connection [HikariProxyConnection@1657624109 wrapping conn0: url=jdbc:h2:tcp://localhost/~/testcase user=USER] after transaction
2025-01-08 19:19:23.448 DEBUG 96937 --- [    Test worker] o.s.jdbc.support.JdbcTransactionManager  : Creating new transaction with name [null]: PROPAGATION_REQUIRED,ISOLATION_DEFAULT
2025-01-08 19:19:23.449 DEBUG 96937 --- [    Test worker] o.s.jdbc.support.JdbcTransactionManager  : Acquired Connection [HikariProxyConnection@815125505 wrapping conn0: url=jdbc:h2:tcp://localhost/~/testcase user=USER] for JDBC transaction
2025-01-08 19:19:23.449 DEBUG 96937 --- [    Test worker] o.s.jdbc.support.JdbcTransactionManager  : Switching JDBC Connection [HikariProxyConnection@815125505 wrapping conn0: url=jdbc:h2:tcp://localhost/~/testcase user=USER] to manual commit
2025-01-08 19:19:23.450 DEBUG 96937 --- [    Test worker] o.s.jdbc.core.simple.SimpleJdbcInsert    : The following parameters are used for call INSERT INTO item (ITEM_NAME, PRICE, QUANTITY) VALUES(?, ?, ?) with: [org.springframework.jdbc.core.SqlParameterValue@2037f12b, org.springframework.jdbc.core.SqlParameterValue@687a0e40, org.springframework.jdbc.core.SqlParameterValue@a9e8da1]
2025-01-08 19:19:23.450 DEBUG 96937 --- [    Test worker] o.s.jdbc.core.JdbcTemplate               : Executing SQL update and returning generated keys
2025-01-08 19:19:23.450 DEBUG 96937 --- [    Test worker] o.s.jdbc.core.JdbcTemplate               : Executing prepared SQL statement
2025-01-08 19:19:23.450 DEBUG 96937 --- [    Test worker] o.s.jdbc.core.simple.SimpleJdbcInsert    : Using generated keys support with array of column names.
2025-01-08 19:19:23.451 DEBUG 96937 --- [    Test worker] o.s.jdbc.core.StatementCreatorUtils      : Overriding type info with runtime info from SqlParameterValue: column index 1, SQL type 12, type name null
2025-01-08 19:19:23.451 DEBUG 96937 --- [    Test worker] o.s.jdbc.core.StatementCreatorUtils      : Overriding type info with runtime info from SqlParameterValue: column index 2, SQL type 4, type name null
2025-01-08 19:19:23.451 DEBUG 96937 --- [    Test worker] o.s.jdbc.core.StatementCreatorUtils      : Overriding type info with runtime info from SqlParameterValue: column index 3, SQL type 4, type name null
2025-01-08 19:19:23.453 DEBUG 96937 --- [    Test worker] o.s.jdbc.core.simple.SimpleJdbcInsert    : The following parameters are used for call INSERT INTO item (ITEM_NAME, PRICE, QUANTITY) VALUES(?, ?, ?) with: [org.springframework.jdbc.core.SqlParameterValue@14b5752f, org.springframework.jdbc.core.SqlParameterValue@b94703b, org.springframework.jdbc.core.SqlParameterValue@33a47707]
2025-01-08 19:19:23.453 DEBUG 96937 --- [    Test worker] o.s.jdbc.core.JdbcTemplate               : Executing SQL update and returning generated keys
2025-01-08 19:19:23.453 DEBUG 96937 --- [    Test worker] o.s.jdbc.core.JdbcTemplate               : Executing prepared SQL statement
2025-01-08 19:19:23.454 DEBUG 96937 --- [    Test worker] o.s.jdbc.core.simple.SimpleJdbcInsert    : Using generated keys support with array of column names.
2025-01-08 19:19:23.454 DEBUG 96937 --- [    Test worker] o.s.jdbc.core.StatementCreatorUtils      : Overriding type info with runtime info from SqlParameterValue: column index 1, SQL type 12, type name null
2025-01-08 19:19:23.454 DEBUG 96937 --- [    Test worker] o.s.jdbc.core.StatementCreatorUtils      : Overriding type info with runtime info from SqlParameterValue: column index 2, SQL type 4, type name null
2025-01-08 19:19:23.454 DEBUG 96937 --- [    Test worker] o.s.jdbc.core.StatementCreatorUtils      : Overriding type info with runtime info from SqlParameterValue: column index 3, SQL type 4, type name null
2025-01-08 19:19:23.455 DEBUG 96937 --- [    Test worker] o.s.jdbc.core.simple.SimpleJdbcInsert    : The following parameters are used for call INSERT INTO item (ITEM_NAME, PRICE, QUANTITY) VALUES(?, ?, ?) with: [org.springframework.jdbc.core.SqlParameterValue@4d290757, org.springframework.jdbc.core.SqlParameterValue@720a1fd0, org.springframework.jdbc.core.SqlParameterValue@5ab7ac02]
2025-01-08 19:19:23.456 DEBUG 96937 --- [    Test worker] o.s.jdbc.core.JdbcTemplate               : Executing SQL update and returning generated keys
2025-01-08 19:19:23.456 DEBUG 96937 --- [    Test worker] o.s.jdbc.core.JdbcTemplate               : Executing prepared SQL statement
2025-01-08 19:19:23.456 DEBUG 96937 --- [    Test worker] o.s.jdbc.core.simple.SimpleJdbcInsert    : Using generated keys support with array of column names.
2025-01-08 19:19:23.456 DEBUG 96937 --- [    Test worker] o.s.jdbc.core.StatementCreatorUtils      : Overriding type info with runtime info from SqlParameterValue: column index 1, SQL type 12, type name null
2025-01-08 19:19:23.456 DEBUG 96937 --- [    Test worker] o.s.jdbc.core.StatementCreatorUtils      : Overriding type info with runtime info from SqlParameterValue: column index 2, SQL type 4, type name null
2025-01-08 19:19:23.456 DEBUG 96937 --- [    Test worker] o.s.jdbc.core.StatementCreatorUtils      : Overriding type info with runtime info from SqlParameterValue: column index 3, SQL type 4, type name null
2025-01-08 19:19:23.457  INFO 96937 --- [    Test worker] h.i.r.j.JdbcTemplateItemRepositoryV3     : sql=select id, item_name, price, quantity from item
2025-01-08 19:19:23.460 DEBUG 96937 --- [    Test worker] o.s.jdbc.core.JdbcTemplate               : Executing prepared SQL query
2025-01-08 19:19:23.462 DEBUG 96937 --- [    Test worker] o.s.jdbc.core.JdbcTemplate               : Executing prepared SQL statement [select id, item_name, price, quantity from item]
2025-01-08 19:19:23.465 DEBUG 96937 --- [    Test worker] o.s.jdbc.core.BeanPropertyRowMapper      : Mapping column 'ID' to property 'id' of type 'java.lang.Long'
2025-01-08 19:19:23.466 DEBUG 96937 --- [    Test worker] o.s.jdbc.core.BeanPropertyRowMapper      : Mapping column 'ITEM_NAME' to property 'itemName' of type 'java.lang.String'
2025-01-08 19:19:23.467 DEBUG 96937 --- [    Test worker] o.s.jdbc.core.BeanPropertyRowMapper      : Mapping column 'PRICE' to property 'price' of type 'java.lang.Integer'
2025-01-08 19:19:23.468 DEBUG 96937 --- [    Test worker] o.s.jdbc.core.BeanPropertyRowMapper      : Mapping column 'QUANTITY' to property 'quantity' of type 'java.lang.Integer'
2025-01-08 19:19:23.479  INFO 96937 --- [    Test worker] h.i.r.j.JdbcTemplateItemRepositoryV3     : sql=select id, item_name, price, quantity from item
2025-01-08 19:19:23.480 DEBUG 96937 --- [    Test worker] o.s.jdbc.core.JdbcTemplate               : Executing prepared SQL query
2025-01-08 19:19:23.480 DEBUG 96937 --- [    Test worker] o.s.jdbc.core.JdbcTemplate               : Executing prepared SQL statement [select id, item_name, price, quantity from item]
2025-01-08 19:19:23.482 DEBUG 96937 --- [    Test worker] o.s.jdbc.core.BeanPropertyRowMapper      : Mapping column 'ID' to property 'id' of type 'java.lang.Long'
2025-01-08 19:19:23.482 DEBUG 96937 --- [    Test worker] o.s.jdbc.core.BeanPropertyRowMapper      : Mapping column 'ITEM_NAME' to property 'itemName' of type 'java.lang.String'
2025-01-08 19:19:23.483 DEBUG 96937 --- [    Test worker] o.s.jdbc.core.BeanPropertyRowMapper      : Mapping column 'PRICE' to property 'price' of type 'java.lang.Integer'
2025-01-08 19:19:23.483 DEBUG 96937 --- [    Test worker] o.s.jdbc.core.BeanPropertyRowMapper      : Mapping column 'QUANTITY' to property 'quantity' of type 'java.lang.Integer'
2025-01-08 19:19:23.485  INFO 96937 --- [    Test worker] h.i.r.j.JdbcTemplateItemRepositoryV3     : sql=select id, item_name, price, quantity from item where item_name like concat('%',:itemName,'%')
2025-01-08 19:19:23.496 DEBUG 96937 --- [    Test worker] o.s.jdbc.core.JdbcTemplate               : Executing prepared SQL query
2025-01-08 19:19:23.497 DEBUG 96937 --- [    Test worker] o.s.jdbc.core.JdbcTemplate               : Executing prepared SQL statement [select id, item_name, price, quantity from item where item_name like concat('%',?,'%')]
2025-01-08 19:19:23.500 DEBUG 96937 --- [    Test worker] o.s.jdbc.core.BeanPropertyRowMapper      : Mapping column 'ID' to property 'id' of type 'java.lang.Long'
2025-01-08 19:19:23.503 DEBUG 96937 --- [    Test worker] o.s.jdbc.core.BeanPropertyRowMapper      : Mapping column 'ITEM_NAME' to property 'itemName' of type 'java.lang.String'
2025-01-08 19:19:23.504 DEBUG 96937 --- [    Test worker] o.s.jdbc.core.BeanPropertyRowMapper      : Mapping column 'PRICE' to property 'price' of type 'java.lang.Integer'
2025-01-08 19:19:23.504 DEBUG 96937 --- [    Test worker] o.s.jdbc.core.BeanPropertyRowMapper      : Mapping column 'QUANTITY' to property 'quantity' of type 'java.lang.Integer'
2025-01-08 19:19:23.505  INFO 96937 --- [    Test worker] h.i.r.j.JdbcTemplateItemRepositoryV3     : sql=select id, item_name, price, quantity from item where item_name like concat('%',:itemName,'%')
2025-01-08 19:19:23.505 DEBUG 96937 --- [    Test worker] o.s.jdbc.core.JdbcTemplate               : Executing prepared SQL query
2025-01-08 19:19:23.505 DEBUG 96937 --- [    Test worker] o.s.jdbc.core.JdbcTemplate               : Executing prepared SQL statement [select id, item_name, price, quantity from item where item_name like concat('%',?,'%')]
2025-01-08 19:19:23.508 DEBUG 96937 --- [    Test worker] o.s.jdbc.core.BeanPropertyRowMapper      : Mapping column 'ID' to property 'id' of type 'java.lang.Long'
2025-01-08 19:19:23.510 DEBUG 96937 --- [    Test worker] o.s.jdbc.core.BeanPropertyRowMapper      : Mapping column 'ITEM_NAME' to property 'itemName' of type 'java.lang.String'
2025-01-08 19:19:23.510 DEBUG 96937 --- [    Test worker] o.s.jdbc.core.BeanPropertyRowMapper      : Mapping column 'PRICE' to property 'price' of type 'java.lang.Integer'
2025-01-08 19:19:23.510 DEBUG 96937 --- [    Test worker] o.s.jdbc.core.BeanPropertyRowMapper      : Mapping column 'QUANTITY' to property 'quantity' of type 'java.lang.Integer'
2025-01-08 19:19:23.510  INFO 96937 --- [    Test worker] h.i.r.j.JdbcTemplateItemRepositoryV3     : sql=select id, item_name, price, quantity from item where item_name like concat('%',:itemName,'%')
2025-01-08 19:19:23.510 DEBUG 96937 --- [    Test worker] o.s.jdbc.core.JdbcTemplate               : Executing prepared SQL query
2025-01-08 19:19:23.510 DEBUG 96937 --- [    Test worker] o.s.jdbc.core.JdbcTemplate               : Executing prepared SQL statement [select id, item_name, price, quantity from item where item_name like concat('%',?,'%')]
2025-01-08 19:19:23.512 DEBUG 96937 --- [    Test worker] o.s.jdbc.core.BeanPropertyRowMapper      : Mapping column 'ID' to property 'id' of type 'java.lang.Long'
2025-01-08 19:19:23.513 DEBUG 96937 --- [    Test worker] o.s.jdbc.core.BeanPropertyRowMapper      : Mapping column 'ITEM_NAME' to property 'itemName' of type 'java.lang.String'
2025-01-08 19:19:23.514 DEBUG 96937 --- [    Test worker] o.s.jdbc.core.BeanPropertyRowMapper      : Mapping column 'PRICE' to property 'price' of type 'java.lang.Integer'
2025-01-08 19:19:23.514 DEBUG 96937 --- [    Test worker] o.s.jdbc.core.BeanPropertyRowMapper      : Mapping column 'QUANTITY' to property 'quantity' of type 'java.lang.Integer'
2025-01-08 19:19:23.514  INFO 96937 --- [    Test worker] h.i.r.j.JdbcTemplateItemRepositoryV3     : sql=select id, item_name, price, quantity from item where price <= :maxPrice
2025-01-08 19:19:23.515 DEBUG 96937 --- [    Test worker] o.s.jdbc.core.JdbcTemplate               : Executing prepared SQL query
2025-01-08 19:19:23.515 DEBUG 96937 --- [    Test worker] o.s.jdbc.core.JdbcTemplate               : Executing prepared SQL statement [select id, item_name, price, quantity from item where price <= ?]
2025-01-08 19:19:23.516 DEBUG 96937 --- [    Test worker] o.s.jdbc.core.BeanPropertyRowMapper      : Mapping column 'ID' to property 'id' of type 'java.lang.Long'
2025-01-08 19:19:23.517 DEBUG 96937 --- [    Test worker] o.s.jdbc.core.BeanPropertyRowMapper      : Mapping column 'ITEM_NAME' to property 'itemName' of type 'java.lang.String'
2025-01-08 19:19:23.518 DEBUG 96937 --- [    Test worker] o.s.jdbc.core.BeanPropertyRowMapper      : Mapping column 'PRICE' to property 'price' of type 'java.lang.Integer'
2025-01-08 19:19:23.519 DEBUG 96937 --- [    Test worker] o.s.jdbc.core.BeanPropertyRowMapper      : Mapping column 'QUANTITY' to property 'quantity' of type 'java.lang.Integer'
2025-01-08 19:19:23.520  INFO 96937 --- [    Test worker] h.i.r.j.JdbcTemplateItemRepositoryV3     : sql=select id, item_name, price, quantity from item where item_name like concat('%',:itemName,'%') and price <= :maxPrice
2025-01-08 19:19:23.520 DEBUG 96937 --- [    Test worker] o.s.jdbc.core.JdbcTemplate               : Executing prepared SQL query
2025-01-08 19:19:23.521 DEBUG 96937 --- [    Test worker] o.s.jdbc.core.JdbcTemplate               : Executing prepared SQL statement [select id, item_name, price, quantity from item where item_name like concat('%',?,'%') and price <= ?]
2025-01-08 19:19:23.524 DEBUG 96937 --- [    Test worker] o.s.jdbc.core.BeanPropertyRowMapper      : Mapping column 'ID' to property 'id' of type 'java.lang.Long'
2025-01-08 19:19:23.524 DEBUG 96937 --- [    Test worker] o.s.jdbc.core.BeanPropertyRowMapper      : Mapping column 'ITEM_NAME' to property 'itemName' of type 'java.lang.String'
2025-01-08 19:19:23.524 DEBUG 96937 --- [    Test worker] o.s.jdbc.core.BeanPropertyRowMapper      : Mapping column 'PRICE' to property 'price' of type 'java.lang.Integer'
2025-01-08 19:19:23.524 DEBUG 96937 --- [    Test worker] o.s.jdbc.core.BeanPropertyRowMapper      : Mapping column 'QUANTITY' to property 'quantity' of type 'java.lang.Integer'
2025-01-08 19:19:23.526 DEBUG 96937 --- [    Test worker] o.s.jdbc.support.JdbcTransactionManager  : Initiating transaction rollback
2025-01-08 19:19:23.527 DEBUG 96937 --- [    Test worker] o.s.jdbc.support.JdbcTransactionManager  : Rolling back JDBC transaction on Connection [HikariProxyConnection@815125505 wrapping conn0: url=jdbc:h2:tcp://localhost/~/testcase user=USER]
2025-01-08 19:19:23.528 DEBUG 96937 --- [    Test worker] o.s.jdbc.support.JdbcTransactionManager  : Releasing JDBC Connection [HikariProxyConnection@815125505 wrapping conn0: url=jdbc:h2:tcp://localhost/~/testcase user=USER] after transaction
]]></system-out>
  <system-err><![CDATA[]]></system-err>
</testsuite>
