<?xml version="1.0" encoding="UTF-8"?>
<testsuite name="hello.itemservice.domain.ItemRepositoryTest" tests="3" skipped="0" failures="0" errors="0" timestamp="2025-01-09T00:24:08" hostname="dep-MacBook-Pro.local" time="0.244">
  <properties/>
  <testcase name="updateItem()" classname="hello.itemservice.domain.ItemRepositoryTest" time="0.225"/>
  <testcase name="save()" classname="hello.itemservice.domain.ItemRepositoryTest" time="0.004"/>
  <testcase name="findItems()" classname="hello.itemservice.domain.ItemRepositoryTest" time="0.015"/>
  <system-out><![CDATA[09:24:07.509 [Test worker] DEBUG org.springframework.test.context.BootstrapUtils - Instantiating CacheAwareContextLoaderDelegate from class [org.springframework.test.context.cache.DefaultCacheAwareContextLoaderDelegate]
09:24:07.512 [Test worker] DEBUG org.springframework.test.context.BootstrapUtils - Instantiating BootstrapContext using constructor [public org.springframework.test.context.support.DefaultBootstrapContext(java.lang.Class,org.springframework.test.context.CacheAwareContextLoaderDelegate)]
09:24:07.523 [Test worker] DEBUG org.springframework.test.context.BootstrapUtils - Instantiating TestContextBootstrapper for test class [hello.itemservice.domain.ItemRepositoryTest] from class [org.springframework.boot.test.context.SpringBootTestContextBootstrapper]
09:24:07.526 [Test worker] INFO org.springframework.boot.test.context.SpringBootTestContextBootstrapper - Neither @ContextConfiguration nor @ContextHierarchy found for test class [hello.itemservice.domain.ItemRepositoryTest], using SpringBootContextLoader
09:24:07.527 [Test worker] DEBUG org.springframework.test.context.support.AbstractContextLoader - Did not detect default resource location for test class [hello.itemservice.domain.ItemRepositoryTest]: class path resource [hello/itemservice/domain/ItemRepositoryTest-context.xml] does not exist
09:24:07.527 [Test worker] DEBUG org.springframework.test.context.support.AbstractContextLoader - Did not detect default resource location for test class [hello.itemservice.domain.ItemRepositoryTest]: class path resource [hello/itemservice/domain/ItemRepositoryTestContext.groovy] does not exist
09:24:07.528 [Test worker] INFO org.springframework.test.context.support.AbstractContextLoader - Could not detect default resource locations for test class [hello.itemservice.domain.ItemRepositoryTest]: no resource found for suffixes {-context.xml, Context.groovy}.
09:24:07.528 [Test worker] INFO org.springframework.test.context.support.AnnotationConfigContextLoaderUtils - Could not detect default configuration classes for test class [hello.itemservice.domain.ItemRepositoryTest]: ItemRepositoryTest does not declare any static, non-private, non-final, nested classes annotated with @Configuration.
09:24:07.544 [Test worker] DEBUG org.springframework.test.context.support.ActiveProfilesUtils - Could not find an 'annotation declaring class' for annotation type [org.springframework.test.context.ActiveProfiles] and class [hello.itemservice.domain.ItemRepositoryTest]
09:24:07.572 [Test worker] DEBUG org.springframework.context.annotation.ClassPathScanningCandidateComponentProvider - Identified candidate component class: file [/Users/dp/Desktop/study/spring-data-access/build/classes/java/main/hello/itemservice/ItemServiceApplication.class]
09:24:07.573 [Test worker] INFO org.springframework.boot.test.context.SpringBootTestContextBootstrapper - Found @SpringBootConfiguration hello.itemservice.ItemServiceApplication for test class hello.itemservice.domain.ItemRepositoryTest
09:24:07.602 [Test worker] DEBUG org.springframework.boot.test.context.SpringBootTestContextBootstrapper - @TestExecutionListeners is not present for class [hello.itemservice.domain.ItemRepositoryTest]: using defaults.
09:24:07.602 [Test worker] INFO org.springframework.boot.test.context.SpringBootTestContextBootstrapper - Loaded default TestExecutionListener class names from location [META-INF/spring.factories]: [org.springframework.boot.test.autoconfigure.restdocs.RestDocsTestExecutionListener, org.springframework.boot.test.autoconfigure.web.client.MockRestServiceServerResetTestExecutionListener, org.springframework.boot.test.autoconfigure.web.servlet.MockMvcPrintOnlyOnFailureTestExecutionListener, org.springframework.boot.test.autoconfigure.web.servlet.WebDriverTestExecutionListener, org.springframework.boot.test.autoconfigure.webservices.client.MockWebServiceServerTestExecutionListener, org.springframework.boot.test.mock.mockito.MockitoTestExecutionListener, org.springframework.boot.test.mock.mockito.ResetMocksTestExecutionListener, org.springframework.test.context.web.ServletTestExecutionListener, org.springframework.test.context.support.DirtiesContextBeforeModesTestExecutionListener, org.springframework.test.context.event.ApplicationEventsTestExecutionListener, org.springframework.test.context.support.DependencyInjectionTestExecutionListener, org.springframework.test.context.support.DirtiesContextTestExecutionListener, org.springframework.test.context.transaction.TransactionalTestExecutionListener, org.springframework.test.context.jdbc.SqlScriptsTestExecutionListener, org.springframework.test.context.event.EventPublishingTestExecutionListener]
09:24:07.607 [Test worker] INFO org.springframework.boot.test.context.SpringBootTestContextBootstrapper - Using TestExecutionListeners: [org.springframework.test.context.web.ServletTestExecutionListener@61884cb1, org.springframework.test.context.support.DirtiesContextBeforeModesTestExecutionListener@75ed9710, org.springframework.test.context.event.ApplicationEventsTestExecutionListener@4fc5e095, org.springframework.boot.test.mock.mockito.MockitoTestExecutionListener@435871cb, org.springframework.boot.test.autoconfigure.SpringBootDependencyInjectionTestExecutionListener@609640d5, org.springframework.test.context.support.DirtiesContextTestExecutionListener@79da1ec0, org.springframework.test.context.transaction.TransactionalTestExecutionListener@19fb8826, org.springframework.test.context.jdbc.SqlScriptsTestExecutionListener@192d74fb, org.springframework.test.context.event.EventPublishingTestExecutionListener@4bef0fe3, org.springframework.boot.test.autoconfigure.restdocs.RestDocsTestExecutionListener@62ea3440, org.springframework.boot.test.autoconfigure.web.client.MockRestServiceServerResetTestExecutionListener@27953a83, org.springframework.boot.test.autoconfigure.web.servlet.MockMvcPrintOnlyOnFailureTestExecutionListener@556d0826, org.springframework.boot.test.autoconfigure.web.servlet.WebDriverTestExecutionListener@66ce957f, org.springframework.boot.test.autoconfigure.webservices.client.MockWebServiceServerTestExecutionListener@55b5f5d2, org.springframework.boot.test.mock.mockito.ResetMocksTestExecutionListener@5bfa8cc5]
09:24:07.608 [Test worker] DEBUG org.springframework.test.context.support.AbstractDirtiesContextTestExecutionListener - Before test class: context [DefaultTestContext@2c88b9fc testClass = ItemRepositoryTest, testInstance = [null], testMethod = [null], testException = [null], mergedContextConfiguration = [WebMergedContextConfiguration@64dafeed testClass = ItemRepositoryTest, locations = '{}', classes = '{class hello.itemservice.ItemServiceApplication}', contextInitializerClasses = '[]', activeProfiles = '{}', propertySourceLocations = '{}', propertySourceProperties = '{org.springframework.boot.test.context.SpringBootTestContextBootstrapper=true}', contextCustomizers = set[org.springframework.boot.test.autoconfigure.actuate.metrics.MetricsExportContextCustomizerFactory$DisableMetricExportContextCustomizer@432038ec, org.springframework.boot.test.autoconfigure.properties.PropertyMappingContextCustomizer@0, org.springframework.boot.test.autoconfigure.web.servlet.WebDriverContextCustomizerFactory$Customizer@6d167f58, org.springframework.boot.test.context.filter.ExcludeFilterContextCustomizer@19c65cdc, org.springframework.boot.test.json.DuplicateJsonObjectContextCustomizerFactory$DuplicateJsonObjectContextCustomizer@38b27cdc, org.springframework.boot.test.mock.mockito.MockitoContextCustomizer@0, org.springframework.boot.test.web.client.TestRestTemplateContextCustomizer@401f7633, org.springframework.boot.test.context.SpringBootTestArgs@1, org.springframework.boot.test.context.SpringBootTestWebEnvironment@c86b9e3], resourceBasePath = 'src/main/webapp', contextLoader = 'org.springframework.boot.test.context.SpringBootContextLoader', parent = [null]], attributes = map['org.springframework.test.context.web.ServletTestExecutionListener.activateListener' -> true]], class annotated with @DirtiesContext [false] with mode [null].

  .   ____          _            __ _ _
 /\\ / ___'_ __ _ _(_)_ __  __ _ \ \ \ \
( ( )\___ | '_ | '_| | '_ \/ _` | \ \ \ \
 \\/  ___)| |_)| | | | | || (_| |  ) ) ) )
  '  |____| .__|_| |_|_| |_\__, | / / / /
 =========|_|==============|___/=/_/_/_/
 :: Spring Boot ::                (v2.6.5)

2025-01-09 09:24:07.725  INFO 37355 --- [    Test worker] h.itemservice.domain.ItemRepositoryTest  : Starting ItemRepositoryTest using Java 17.0.12 on dep-MacBook-Pro.local with PID 37355 (started by dp in /Users/dp/Desktop/study/spring-data-access)
2025-01-09 09:24:07.725  INFO 37355 --- [    Test worker] h.itemservice.domain.ItemRepositoryTest  : The following 1 profile is active: "test"
2025-01-09 09:24:08.268  INFO 37355 --- [    Test worker] o.s.b.a.w.s.WelcomePageHandlerMapping    : Adding welcome page: class path resource [static/index.html]
2025-01-09 09:24:08.335 DEBUG 37355 --- [    Test worker] o.s.jdbc.datasource.DataSourceUtils      : Fetching JDBC Connection from DataSource
2025-01-09 09:24:08.336  INFO 37355 --- [    Test worker] com.zaxxer.hikari.HikariDataSource       : HikariPool-1 - Starting...
2025-01-09 09:24:08.402  INFO 37355 --- [    Test worker] com.zaxxer.hikari.HikariDataSource       : HikariPool-1 - Start completed.
2025-01-09 09:24:08.410 DEBUG 37355 --- [    Test worker] o.s.jdbc.datasource.DataSourceUtils      : Fetching JDBC Connection from DataSource
2025-01-09 09:24:08.410 DEBUG 37355 --- [    Test worker] o.s.jdbc.datasource.init.ScriptUtils     : Executing SQL script from URL [file:/Users/dp/Desktop/study/spring-data-access/build/resources/test/schema.sql]
2025-01-09 09:24:08.412 DEBUG 37355 --- [    Test worker] o.s.jdbc.datasource.init.ScriptUtils     : 0 returned as update count for SQL: drop table if exists item CASCADE
2025-01-09 09:24:08.416 DEBUG 37355 --- [    Test worker] o.s.jdbc.datasource.init.ScriptUtils     : 0 returned as update count for SQL: create table item( id bigint generated by default as identity, item_name varchar(10), price integer, quantity integer, primary key (id) )
2025-01-09 09:24:08.416 DEBUG 37355 --- [    Test worker] o.s.jdbc.datasource.init.ScriptUtils     : Executed SQL script from URL [file:/Users/dp/Desktop/study/spring-data-access/build/resources/test/schema.sql] in 6 ms.
2025-01-09 09:24:08.456  INFO 37355 --- [    Test worker] h.itemservice.domain.ItemRepositoryTest  : Started ItemRepositoryTest in 0.835 seconds (JVM running for 1.238)
2025-01-09 09:24:08.466 DEBUG 37355 --- [    Test worker] o.s.jdbc.support.JdbcTransactionManager  : Creating new transaction with name [hello.itemservice.domain.ItemRepositoryTest.updateItem]: PROPAGATION_REQUIRED,ISOLATION_DEFAULT
2025-01-09 09:24:08.467 DEBUG 37355 --- [    Test worker] o.s.jdbc.support.JdbcTransactionManager  : Acquired Connection [HikariProxyConnection@301084728 wrapping conn0: url=jdbc:h2:mem:2746a7b8-82d2-4d48-a7f1-beda1c6990c9 user=SA] for JDBC transaction
2025-01-09 09:24:08.467 DEBUG 37355 --- [    Test worker] o.s.jdbc.support.JdbcTransactionManager  : Switching JDBC Connection [HikariProxyConnection@301084728 wrapping conn0: url=jdbc:h2:mem:2746a7b8-82d2-4d48-a7f1-beda1c6990c9 user=SA] to manual commit
2025-01-09 09:24:08.467  INFO 37355 --- [    Test worker] o.s.t.c.transaction.TransactionContext   : Began transaction (1) for test context [DefaultTestContext@2c88b9fc testClass = ItemRepositoryTest, testInstance = hello.itemservice.domain.ItemRepositoryTest@2589d787, testMethod = updateItem@ItemRepositoryTest, testException = [null], mergedContextConfiguration = [WebMergedContextConfiguration@64dafeed testClass = ItemRepositoryTest, locations = '{}', classes = '{class hello.itemservice.ItemServiceApplication}', contextInitializerClasses = '[]', activeProfiles = '{}', propertySourceLocations = '{}', propertySourceProperties = '{org.springframework.boot.test.context.SpringBootTestContextBootstrapper=true}', contextCustomizers = set[org.springframework.boot.test.autoconfigure.actuate.metrics.MetricsExportContextCustomizerFactory$DisableMetricExportContextCustomizer@432038ec, org.springframework.boot.test.autoconfigure.properties.PropertyMappingContextCustomizer@0, org.springframework.boot.test.autoconfigure.web.servlet.WebDriverContextCustomizerFactory$Customizer@6d167f58, org.springframework.boot.test.context.filter.ExcludeFilterContextCustomizer@19c65cdc, org.springframework.boot.test.json.DuplicateJsonObjectContextCustomizerFactory$DuplicateJsonObjectContextCustomizer@38b27cdc, org.springframework.boot.test.mock.mockito.MockitoContextCustomizer@0, org.springframework.boot.test.web.client.TestRestTemplateContextCustomizer@401f7633, org.springframework.boot.test.context.SpringBootTestArgs@1, org.springframework.boot.test.context.SpringBootTestWebEnvironment@c86b9e3], resourceBasePath = 'src/main/webapp', contextLoader = 'org.springframework.boot.test.context.SpringBootContextLoader', parent = [null]], attributes = map['org.springframework.test.context.web.ServletTestExecutionListener.activateListener' -> true, 'org.springframework.test.context.web.ServletTestExecutionListener.populatedRequestContextHolder' -> true, 'org.springframework.test.context.web.ServletTestExecutionListener.resetRequestContextHolder' -> true, 'org.springframework.test.context.event.ApplicationEventsTestExecutionListener.recordApplicationEvents' -> false]]; transaction manager [org.springframework.jdbc.support.JdbcTransactionManager@1788cb61]; rollback [true]
2025-01-09 09:24:08.609 DEBUG 37355 --- [    Test worker] o.s.jdbc.core.simple.SimpleJdbcInsert    : JdbcInsert not compiled before execution - invoking compile
2025-01-09 09:24:08.610 DEBUG 37355 --- [    Test worker] o.s.j.c.m.TableMetaDataProviderFactory   : Using GenericTableMetaDataProvider
2025-01-09 09:24:08.610 DEBUG 37355 --- [    Test worker] o.s.j.c.metadata.TableMetaDataProvider   : GetGeneratedKeys is supported
2025-01-09 09:24:08.610 DEBUG 37355 --- [    Test worker] o.s.j.c.metadata.TableMetaDataProvider   : GeneratedKeysColumnNameArray is supported for H2
2025-01-09 09:24:08.623 DEBUG 37355 --- [    Test worker] o.s.j.c.metadata.TableMetaDataProvider   : Retrieving meta-data for 2746A7B8-82D2-4D48-A7F1-BEDA1C6990C9/PUBLIC/ITEM
2025-01-09 09:24:08.653 DEBUG 37355 --- [    Test worker] o.s.j.c.metadata.TableMetaDataProvider   : Retrieved meta-data: 'ID', sqlType=-5, nullable=false
2025-01-09 09:24:08.653 DEBUG 37355 --- [    Test worker] o.s.j.c.metadata.TableMetaDataProvider   : Retrieved meta-data: 'ITEM_NAME', sqlType=12, nullable=true
2025-01-09 09:24:08.653 DEBUG 37355 --- [    Test worker] o.s.j.c.metadata.TableMetaDataProvider   : Retrieved meta-data: 'PRICE', sqlType=4, nullable=true
2025-01-09 09:24:08.653 DEBUG 37355 --- [    Test worker] o.s.j.c.metadata.TableMetaDataProvider   : Retrieved meta-data: 'QUANTITY', sqlType=4, nullable=true
2025-01-09 09:24:08.653 DEBUG 37355 --- [    Test worker] o.s.jdbc.core.simple.SimpleJdbcInsert    : Compiled insert object: insert string is [INSERT INTO item (ITEM_NAME, PRICE, QUANTITY) VALUES(?, ?, ?)]
2025-01-09 09:24:08.653 DEBUG 37355 --- [    Test worker] o.s.jdbc.core.simple.SimpleJdbcInsert    : JdbcInsert for table [item] compiled
2025-01-09 09:24:08.655 DEBUG 37355 --- [    Test worker] o.s.jdbc.core.simple.SimpleJdbcInsert    : The following parameters are used for call INSERT INTO item (ITEM_NAME, PRICE, QUANTITY) VALUES(?, ?, ?) with: [org.springframework.jdbc.core.SqlParameterValue@2a120c88, org.springframework.jdbc.core.SqlParameterValue@285bf5ac, org.springframework.jdbc.core.SqlParameterValue@3739f3c9]
2025-01-09 09:24:08.655 DEBUG 37355 --- [    Test worker] o.s.jdbc.core.JdbcTemplate               : Executing SQL update and returning generated keys
2025-01-09 09:24:08.655 DEBUG 37355 --- [    Test worker] o.s.jdbc.core.JdbcTemplate               : Executing prepared SQL statement
2025-01-09 09:24:08.655 DEBUG 37355 --- [    Test worker] o.s.jdbc.core.simple.SimpleJdbcInsert    : Using generated keys support with array of column names.
2025-01-09 09:24:08.657 DEBUG 37355 --- [    Test worker] o.s.jdbc.core.StatementCreatorUtils      : Overriding type info with runtime info from SqlParameterValue: column index 1, SQL type 12, type name null
2025-01-09 09:24:08.657 DEBUG 37355 --- [    Test worker] o.s.jdbc.core.StatementCreatorUtils      : Overriding type info with runtime info from SqlParameterValue: column index 2, SQL type 4, type name null
2025-01-09 09:24:08.657 DEBUG 37355 --- [    Test worker] o.s.jdbc.core.StatementCreatorUtils      : Overriding type info with runtime info from SqlParameterValue: column index 3, SQL type 4, type name null
2025-01-09 09:24:08.661 DEBUG 37355 --- [    Test worker] o.s.jdbc.core.JdbcTemplate               : Executing prepared SQL update
2025-01-09 09:24:08.661 DEBUG 37355 --- [    Test worker] o.s.jdbc.core.JdbcTemplate               : Executing prepared SQL statement [update item set item_name =?, price =?, quantity =? where id =?]
2025-01-09 09:24:08.662 DEBUG 37355 --- [    Test worker] o.s.jdbc.core.JdbcTemplate               : Executing prepared SQL query
2025-01-09 09:24:08.663 DEBUG 37355 --- [    Test worker] o.s.jdbc.core.JdbcTemplate               : Executing prepared SQL statement [select id, item_name, price, quantity from item where id =?]
2025-01-09 09:24:08.663 DEBUG 37355 --- [    Test worker] o.s.jdbc.core.BeanPropertyRowMapper      : Mapping column 'ID' to property 'id' of type 'java.lang.Long'
2025-01-09 09:24:08.663 DEBUG 37355 --- [    Test worker] o.s.jdbc.core.BeanPropertyRowMapper      : Mapping column 'ITEM_NAME' to property 'itemName' of type 'java.lang.String'
2025-01-09 09:24:08.663 DEBUG 37355 --- [    Test worker] o.s.jdbc.core.BeanPropertyRowMapper      : Mapping column 'PRICE' to property 'price' of type 'java.lang.Integer'
2025-01-09 09:24:08.664 DEBUG 37355 --- [    Test worker] o.s.jdbc.core.BeanPropertyRowMapper      : Mapping column 'QUANTITY' to property 'quantity' of type 'java.lang.Integer'
2025-01-09 09:24:08.685 DEBUG 37355 --- [    Test worker] o.s.jdbc.support.JdbcTransactionManager  : Initiating transaction rollback
2025-01-09 09:24:08.685 DEBUG 37355 --- [    Test worker] o.s.jdbc.support.JdbcTransactionManager  : Rolling back JDBC transaction on Connection [HikariProxyConnection@301084728 wrapping conn0: url=jdbc:h2:mem:2746a7b8-82d2-4d48-a7f1-beda1c6990c9 user=SA]
2025-01-09 09:24:08.686 DEBUG 37355 --- [    Test worker] o.s.jdbc.support.JdbcTransactionManager  : Releasing JDBC Connection [HikariProxyConnection@301084728 wrapping conn0: url=jdbc:h2:mem:2746a7b8-82d2-4d48-a7f1-beda1c6990c9 user=SA] after transaction
2025-01-09 09:24:08.686  INFO 37355 --- [    Test worker] o.s.t.c.transaction.TransactionContext   : Rolled back transaction for test: [DefaultTestContext@2c88b9fc testClass = ItemRepositoryTest, testInstance = hello.itemservice.domain.ItemRepositoryTest@2589d787, testMethod = updateItem@ItemRepositoryTest, testException = [null], mergedContextConfiguration = [WebMergedContextConfiguration@64dafeed testClass = ItemRepositoryTest, locations = '{}', classes = '{class hello.itemservice.ItemServiceApplication}', contextInitializerClasses = '[]', activeProfiles = '{}', propertySourceLocations = '{}', propertySourceProperties = '{org.springframework.boot.test.context.SpringBootTestContextBootstrapper=true}', contextCustomizers = set[org.springframework.boot.test.autoconfigure.actuate.metrics.MetricsExportContextCustomizerFactory$DisableMetricExportContextCustomizer@432038ec, org.springframework.boot.test.autoconfigure.properties.PropertyMappingContextCustomizer@0, org.springframework.boot.test.autoconfigure.web.servlet.WebDriverContextCustomizerFactory$Customizer@6d167f58, org.springframework.boot.test.context.filter.ExcludeFilterContextCustomizer@19c65cdc, org.springframework.boot.test.json.DuplicateJsonObjectContextCustomizerFactory$DuplicateJsonObjectContextCustomizer@38b27cdc, org.springframework.boot.test.mock.mockito.MockitoContextCustomizer@0, org.springframework.boot.test.web.client.TestRestTemplateContextCustomizer@401f7633, org.springframework.boot.test.context.SpringBootTestArgs@1, org.springframework.boot.test.context.SpringBootTestWebEnvironment@c86b9e3], resourceBasePath = 'src/main/webapp', contextLoader = 'org.springframework.boot.test.context.SpringBootContextLoader', parent = [null]], attributes = map['org.springframework.test.context.web.ServletTestExecutionListener.activateListener' -> true, 'org.springframework.test.context.web.ServletTestExecutionListener.populatedRequestContextHolder' -> true, 'org.springframework.test.context.web.ServletTestExecutionListener.resetRequestContextHolder' -> true, 'org.springframework.test.context.event.ApplicationEventsTestExecutionListener.recordApplicationEvents' -> false]]
2025-01-09 09:24:08.689 DEBUG 37355 --- [    Test worker] o.s.jdbc.support.JdbcTransactionManager  : Creating new transaction with name [hello.itemservice.domain.ItemRepositoryTest.save]: PROPAGATION_REQUIRED,ISOLATION_DEFAULT
2025-01-09 09:24:08.689 DEBUG 37355 --- [    Test worker] o.s.jdbc.support.JdbcTransactionManager  : Acquired Connection [HikariProxyConnection@191953464 wrapping conn0: url=jdbc:h2:mem:2746a7b8-82d2-4d48-a7f1-beda1c6990c9 user=SA] for JDBC transaction
2025-01-09 09:24:08.689 DEBUG 37355 --- [    Test worker] o.s.jdbc.support.JdbcTransactionManager  : Switching JDBC Connection [HikariProxyConnection@191953464 wrapping conn0: url=jdbc:h2:mem:2746a7b8-82d2-4d48-a7f1-beda1c6990c9 user=SA] to manual commit
2025-01-09 09:24:08.689  INFO 37355 --- [    Test worker] o.s.t.c.transaction.TransactionContext   : Began transaction (1) for test context [DefaultTestContext@2c88b9fc testClass = ItemRepositoryTest, testInstance = hello.itemservice.domain.ItemRepositoryTest@45c423b3, testMethod = save@ItemRepositoryTest, testException = [null], mergedContextConfiguration = [WebMergedContextConfiguration@64dafeed testClass = ItemRepositoryTest, locations = '{}', classes = '{class hello.itemservice.ItemServiceApplication}', contextInitializerClasses = '[]', activeProfiles = '{}', propertySourceLocations = '{}', propertySourceProperties = '{org.springframework.boot.test.context.SpringBootTestContextBootstrapper=true}', contextCustomizers = set[org.springframework.boot.test.autoconfigure.actuate.metrics.MetricsExportContextCustomizerFactory$DisableMetricExportContextCustomizer@432038ec, org.springframework.boot.test.autoconfigure.properties.PropertyMappingContextCustomizer@0, org.springframework.boot.test.autoconfigure.web.servlet.WebDriverContextCustomizerFactory$Customizer@6d167f58, org.springframework.boot.test.context.filter.ExcludeFilterContextCustomizer@19c65cdc, org.springframework.boot.test.json.DuplicateJsonObjectContextCustomizerFactory$DuplicateJsonObjectContextCustomizer@38b27cdc, org.springframework.boot.test.mock.mockito.MockitoContextCustomizer@0, org.springframework.boot.test.web.client.TestRestTemplateContextCustomizer@401f7633, org.springframework.boot.test.context.SpringBootTestArgs@1, org.springframework.boot.test.context.SpringBootTestWebEnvironment@c86b9e3], resourceBasePath = 'src/main/webapp', contextLoader = 'org.springframework.boot.test.context.SpringBootContextLoader', parent = [null]], attributes = map['org.springframework.test.context.web.ServletTestExecutionListener.activateListener' -> true, 'org.springframework.test.context.web.ServletTestExecutionListener.populatedRequestContextHolder' -> true, 'org.springframework.test.context.web.ServletTestExecutionListener.resetRequestContextHolder' -> true, 'org.springframework.test.context.event.ApplicationEventsTestExecutionListener.recordApplicationEvents' -> false]]; transaction manager [org.springframework.jdbc.support.JdbcTransactionManager@1788cb61]; rollback [true]
2025-01-09 09:24:08.690 DEBUG 37355 --- [    Test worker] o.s.jdbc.core.simple.SimpleJdbcInsert    : The following parameters are used for call INSERT INTO item (ITEM_NAME, PRICE, QUANTITY) VALUES(?, ?, ?) with: [org.springframework.jdbc.core.SqlParameterValue@7e31d53b, org.springframework.jdbc.core.SqlParameterValue@68d8eb4f, org.springframework.jdbc.core.SqlParameterValue@64757d56]
2025-01-09 09:24:08.690 DEBUG 37355 --- [    Test worker] o.s.jdbc.core.JdbcTemplate               : Executing SQL update and returning generated keys
2025-01-09 09:24:08.690 DEBUG 37355 --- [    Test worker] o.s.jdbc.core.JdbcTemplate               : Executing prepared SQL statement
2025-01-09 09:24:08.690 DEBUG 37355 --- [    Test worker] o.s.jdbc.core.simple.SimpleJdbcInsert    : Using generated keys support with array of column names.
2025-01-09 09:24:08.690 DEBUG 37355 --- [    Test worker] o.s.jdbc.core.StatementCreatorUtils      : Overriding type info with runtime info from SqlParameterValue: column index 1, SQL type 12, type name null
2025-01-09 09:24:08.690 DEBUG 37355 --- [    Test worker] o.s.jdbc.core.StatementCreatorUtils      : Overriding type info with runtime info from SqlParameterValue: column index 2, SQL type 4, type name null
2025-01-09 09:24:08.690 DEBUG 37355 --- [    Test worker] o.s.jdbc.core.StatementCreatorUtils      : Overriding type info with runtime info from SqlParameterValue: column index 3, SQL type 4, type name null
2025-01-09 09:24:08.690 DEBUG 37355 --- [    Test worker] o.s.jdbc.core.JdbcTemplate               : Executing prepared SQL query
2025-01-09 09:24:08.690 DEBUG 37355 --- [    Test worker] o.s.jdbc.core.JdbcTemplate               : Executing prepared SQL statement [select id, item_name, price, quantity from item where id =?]
2025-01-09 09:24:08.691 DEBUG 37355 --- [    Test worker] o.s.jdbc.core.BeanPropertyRowMapper      : Mapping column 'ID' to property 'id' of type 'java.lang.Long'
2025-01-09 09:24:08.691 DEBUG 37355 --- [    Test worker] o.s.jdbc.core.BeanPropertyRowMapper      : Mapping column 'ITEM_NAME' to property 'itemName' of type 'java.lang.String'
2025-01-09 09:24:08.691 DEBUG 37355 --- [    Test worker] o.s.jdbc.core.BeanPropertyRowMapper      : Mapping column 'PRICE' to property 'price' of type 'java.lang.Integer'
2025-01-09 09:24:08.691 DEBUG 37355 --- [    Test worker] o.s.jdbc.core.BeanPropertyRowMapper      : Mapping column 'QUANTITY' to property 'quantity' of type 'java.lang.Integer'
2025-01-09 09:24:08.692 DEBUG 37355 --- [    Test worker] o.s.jdbc.support.JdbcTransactionManager  : Initiating transaction rollback
2025-01-09 09:24:08.692 DEBUG 37355 --- [    Test worker] o.s.jdbc.support.JdbcTransactionManager  : Rolling back JDBC transaction on Connection [HikariProxyConnection@191953464 wrapping conn0: url=jdbc:h2:mem:2746a7b8-82d2-4d48-a7f1-beda1c6990c9 user=SA]
2025-01-09 09:24:08.692 DEBUG 37355 --- [    Test worker] o.s.jdbc.support.JdbcTransactionManager  : Releasing JDBC Connection [HikariProxyConnection@191953464 wrapping conn0: url=jdbc:h2:mem:2746a7b8-82d2-4d48-a7f1-beda1c6990c9 user=SA] after transaction
2025-01-09 09:24:08.692  INFO 37355 --- [    Test worker] o.s.t.c.transaction.TransactionContext   : Rolled back transaction for test: [DefaultTestContext@2c88b9fc testClass = ItemRepositoryTest, testInstance = hello.itemservice.domain.ItemRepositoryTest@45c423b3, testMethod = save@ItemRepositoryTest, testException = [null], mergedContextConfiguration = [WebMergedContextConfiguration@64dafeed testClass = ItemRepositoryTest, locations = '{}', classes = '{class hello.itemservice.ItemServiceApplication}', contextInitializerClasses = '[]', activeProfiles = '{}', propertySourceLocations = '{}', propertySourceProperties = '{org.springframework.boot.test.context.SpringBootTestContextBootstrapper=true}', contextCustomizers = set[org.springframework.boot.test.autoconfigure.actuate.metrics.MetricsExportContextCustomizerFactory$DisableMetricExportContextCustomizer@432038ec, org.springframework.boot.test.autoconfigure.properties.PropertyMappingContextCustomizer@0, org.springframework.boot.test.autoconfigure.web.servlet.WebDriverContextCustomizerFactory$Customizer@6d167f58, org.springframework.boot.test.context.filter.ExcludeFilterContextCustomizer@19c65cdc, org.springframework.boot.test.json.DuplicateJsonObjectContextCustomizerFactory$DuplicateJsonObjectContextCustomizer@38b27cdc, org.springframework.boot.test.mock.mockito.MockitoContextCustomizer@0, org.springframework.boot.test.web.client.TestRestTemplateContextCustomizer@401f7633, org.springframework.boot.test.context.SpringBootTestArgs@1, org.springframework.boot.test.context.SpringBootTestWebEnvironment@c86b9e3], resourceBasePath = 'src/main/webapp', contextLoader = 'org.springframework.boot.test.context.SpringBootContextLoader', parent = [null]], attributes = map['org.springframework.test.context.web.ServletTestExecutionListener.activateListener' -> true, 'org.springframework.test.context.web.ServletTestExecutionListener.populatedRequestContextHolder' -> true, 'org.springframework.test.context.web.ServletTestExecutionListener.resetRequestContextHolder' -> true, 'org.springframework.test.context.event.ApplicationEventsTestExecutionListener.recordApplicationEvents' -> false]]
2025-01-09 09:24:08.693 DEBUG 37355 --- [    Test worker] o.s.jdbc.support.JdbcTransactionManager  : Creating new transaction with name [hello.itemservice.domain.ItemRepositoryTest.findItems]: PROPAGATION_REQUIRED,ISOLATION_DEFAULT
2025-01-09 09:24:08.693 DEBUG 37355 --- [    Test worker] o.s.jdbc.support.JdbcTransactionManager  : Acquired Connection [HikariProxyConnection@1881183983 wrapping conn0: url=jdbc:h2:mem:2746a7b8-82d2-4d48-a7f1-beda1c6990c9 user=SA] for JDBC transaction
2025-01-09 09:24:08.693 DEBUG 37355 --- [    Test worker] o.s.jdbc.support.JdbcTransactionManager  : Switching JDBC Connection [HikariProxyConnection@1881183983 wrapping conn0: url=jdbc:h2:mem:2746a7b8-82d2-4d48-a7f1-beda1c6990c9 user=SA] to manual commit
2025-01-09 09:24:08.693  INFO 37355 --- [    Test worker] o.s.t.c.transaction.TransactionContext   : Began transaction (1) for test context [DefaultTestContext@2c88b9fc testClass = ItemRepositoryTest, testInstance = hello.itemservice.domain.ItemRepositoryTest@5f0d8937, testMethod = findItems@ItemRepositoryTest, testException = [null], mergedContextConfiguration = [WebMergedContextConfiguration@64dafeed testClass = ItemRepositoryTest, locations = '{}', classes = '{class hello.itemservice.ItemServiceApplication}', contextInitializerClasses = '[]', activeProfiles = '{}', propertySourceLocations = '{}', propertySourceProperties = '{org.springframework.boot.test.context.SpringBootTestContextBootstrapper=true}', contextCustomizers = set[org.springframework.boot.test.autoconfigure.actuate.metrics.MetricsExportContextCustomizerFactory$DisableMetricExportContextCustomizer@432038ec, org.springframework.boot.test.autoconfigure.properties.PropertyMappingContextCustomizer@0, org.springframework.boot.test.autoconfigure.web.servlet.WebDriverContextCustomizerFactory$Customizer@6d167f58, org.springframework.boot.test.context.filter.ExcludeFilterContextCustomizer@19c65cdc, org.springframework.boot.test.json.DuplicateJsonObjectContextCustomizerFactory$DuplicateJsonObjectContextCustomizer@38b27cdc, org.springframework.boot.test.mock.mockito.MockitoContextCustomizer@0, org.springframework.boot.test.web.client.TestRestTemplateContextCustomizer@401f7633, org.springframework.boot.test.context.SpringBootTestArgs@1, org.springframework.boot.test.context.SpringBootTestWebEnvironment@c86b9e3], resourceBasePath = 'src/main/webapp', contextLoader = 'org.springframework.boot.test.context.SpringBootContextLoader', parent = [null]], attributes = map['org.springframework.test.context.web.ServletTestExecutionListener.activateListener' -> true, 'org.springframework.test.context.web.ServletTestExecutionListener.populatedRequestContextHolder' -> true, 'org.springframework.test.context.web.ServletTestExecutionListener.resetRequestContextHolder' -> true, 'org.springframework.test.context.event.ApplicationEventsTestExecutionListener.recordApplicationEvents' -> false]]; transaction manager [org.springframework.jdbc.support.JdbcTransactionManager@1788cb61]; rollback [true]
2025-01-09 09:24:08.693 DEBUG 37355 --- [    Test worker] o.s.jdbc.core.simple.SimpleJdbcInsert    : The following parameters are used for call INSERT INTO item (ITEM_NAME, PRICE, QUANTITY) VALUES(?, ?, ?) with: [org.springframework.jdbc.core.SqlParameterValue@105dc04d, org.springframework.jdbc.core.SqlParameterValue@504b8705, org.springframework.jdbc.core.SqlParameterValue@24a8e40d]
2025-01-09 09:24:08.693 DEBUG 37355 --- [    Test worker] o.s.jdbc.core.JdbcTemplate               : Executing SQL update and returning generated keys
2025-01-09 09:24:08.693 DEBUG 37355 --- [    Test worker] o.s.jdbc.core.JdbcTemplate               : Executing prepared SQL statement
2025-01-09 09:24:08.694 DEBUG 37355 --- [    Test worker] o.s.jdbc.core.simple.SimpleJdbcInsert    : Using generated keys support with array of column names.
2025-01-09 09:24:08.694 DEBUG 37355 --- [    Test worker] o.s.jdbc.core.StatementCreatorUtils      : Overriding type info with runtime info from SqlParameterValue: column index 1, SQL type 12, type name null
2025-01-09 09:24:08.694 DEBUG 37355 --- [    Test worker] o.s.jdbc.core.StatementCreatorUtils      : Overriding type info with runtime info from SqlParameterValue: column index 2, SQL type 4, type name null
2025-01-09 09:24:08.694 DEBUG 37355 --- [    Test worker] o.s.jdbc.core.StatementCreatorUtils      : Overriding type info with runtime info from SqlParameterValue: column index 3, SQL type 4, type name null
2025-01-09 09:24:08.695 DEBUG 37355 --- [    Test worker] o.s.jdbc.core.simple.SimpleJdbcInsert    : The following parameters are used for call INSERT INTO item (ITEM_NAME, PRICE, QUANTITY) VALUES(?, ?, ?) with: [org.springframework.jdbc.core.SqlParameterValue@175f859e, org.springframework.jdbc.core.SqlParameterValue@69fe7090, org.springframework.jdbc.core.SqlParameterValue@6501b105]
2025-01-09 09:24:08.695 DEBUG 37355 --- [    Test worker] o.s.jdbc.core.JdbcTemplate               : Executing SQL update and returning generated keys
2025-01-09 09:24:08.695 DEBUG 37355 --- [    Test worker] o.s.jdbc.core.JdbcTemplate               : Executing prepared SQL statement
2025-01-09 09:24:08.695 DEBUG 37355 --- [    Test worker] o.s.jdbc.core.simple.SimpleJdbcInsert    : Using generated keys support with array of column names.
2025-01-09 09:24:08.695 DEBUG 37355 --- [    Test worker] o.s.jdbc.core.StatementCreatorUtils      : Overriding type info with runtime info from SqlParameterValue: column index 1, SQL type 12, type name null
2025-01-09 09:24:08.695 DEBUG 37355 --- [    Test worker] o.s.jdbc.core.StatementCreatorUtils      : Overriding type info with runtime info from SqlParameterValue: column index 2, SQL type 4, type name null
2025-01-09 09:24:08.695 DEBUG 37355 --- [    Test worker] o.s.jdbc.core.StatementCreatorUtils      : Overriding type info with runtime info from SqlParameterValue: column index 3, SQL type 4, type name null
2025-01-09 09:24:08.695 DEBUG 37355 --- [    Test worker] o.s.jdbc.core.simple.SimpleJdbcInsert    : The following parameters are used for call INSERT INTO item (ITEM_NAME, PRICE, QUANTITY) VALUES(?, ?, ?) with: [org.springframework.jdbc.core.SqlParameterValue@66ab924, org.springframework.jdbc.core.SqlParameterValue@6df2af02, org.springframework.jdbc.core.SqlParameterValue@779228dc]
2025-01-09 09:24:08.695 DEBUG 37355 --- [    Test worker] o.s.jdbc.core.JdbcTemplate               : Executing SQL update and returning generated keys
2025-01-09 09:24:08.695 DEBUG 37355 --- [    Test worker] o.s.jdbc.core.JdbcTemplate               : Executing prepared SQL statement
2025-01-09 09:24:08.695 DEBUG 37355 --- [    Test worker] o.s.jdbc.core.simple.SimpleJdbcInsert    : Using generated keys support with array of column names.
2025-01-09 09:24:08.695 DEBUG 37355 --- [    Test worker] o.s.jdbc.core.StatementCreatorUtils      : Overriding type info with runtime info from SqlParameterValue: column index 1, SQL type 12, type name null
2025-01-09 09:24:08.695 DEBUG 37355 --- [    Test worker] o.s.jdbc.core.StatementCreatorUtils      : Overriding type info with runtime info from SqlParameterValue: column index 2, SQL type 4, type name null
2025-01-09 09:24:08.695 DEBUG 37355 --- [    Test worker] o.s.jdbc.core.StatementCreatorUtils      : Overriding type info with runtime info from SqlParameterValue: column index 3, SQL type 4, type name null
2025-01-09 09:24:08.695  INFO 37355 --- [    Test worker] h.i.r.j.JdbcTemplateItemRepositoryV3     : sql=select id, item_name, price, quantity from item
2025-01-09 09:24:08.695 DEBUG 37355 --- [    Test worker] o.s.jdbc.core.JdbcTemplate               : Executing prepared SQL query
2025-01-09 09:24:08.696 DEBUG 37355 --- [    Test worker] o.s.jdbc.core.JdbcTemplate               : Executing prepared SQL statement [select id, item_name, price, quantity from item]
2025-01-09 09:24:08.696 DEBUG 37355 --- [    Test worker] o.s.jdbc.core.BeanPropertyRowMapper      : Mapping column 'ID' to property 'id' of type 'java.lang.Long'
2025-01-09 09:24:08.696 DEBUG 37355 --- [    Test worker] o.s.jdbc.core.BeanPropertyRowMapper      : Mapping column 'ITEM_NAME' to property 'itemName' of type 'java.lang.String'
2025-01-09 09:24:08.696 DEBUG 37355 --- [    Test worker] o.s.jdbc.core.BeanPropertyRowMapper      : Mapping column 'PRICE' to property 'price' of type 'java.lang.Integer'
2025-01-09 09:24:08.696 DEBUG 37355 --- [    Test worker] o.s.jdbc.core.BeanPropertyRowMapper      : Mapping column 'QUANTITY' to property 'quantity' of type 'java.lang.Integer'
2025-01-09 09:24:08.700  INFO 37355 --- [    Test worker] h.i.r.j.JdbcTemplateItemRepositoryV3     : sql=select id, item_name, price, quantity from item
2025-01-09 09:24:08.700 DEBUG 37355 --- [    Test worker] o.s.jdbc.core.JdbcTemplate               : Executing prepared SQL query
2025-01-09 09:24:08.700 DEBUG 37355 --- [    Test worker] o.s.jdbc.core.JdbcTemplate               : Executing prepared SQL statement [select id, item_name, price, quantity from item]
2025-01-09 09:24:08.700 DEBUG 37355 --- [    Test worker] o.s.jdbc.core.BeanPropertyRowMapper      : Mapping column 'ID' to property 'id' of type 'java.lang.Long'
2025-01-09 09:24:08.700 DEBUG 37355 --- [    Test worker] o.s.jdbc.core.BeanPropertyRowMapper      : Mapping column 'ITEM_NAME' to property 'itemName' of type 'java.lang.String'
2025-01-09 09:24:08.700 DEBUG 37355 --- [    Test worker] o.s.jdbc.core.BeanPropertyRowMapper      : Mapping column 'PRICE' to property 'price' of type 'java.lang.Integer'
2025-01-09 09:24:08.700 DEBUG 37355 --- [    Test worker] o.s.jdbc.core.BeanPropertyRowMapper      : Mapping column 'QUANTITY' to property 'quantity' of type 'java.lang.Integer'
2025-01-09 09:24:08.701  INFO 37355 --- [    Test worker] h.i.r.j.JdbcTemplateItemRepositoryV3     : sql=select id, item_name, price, quantity from item where item_name like concat('%',:itemName,'%')
2025-01-09 09:24:08.701 DEBUG 37355 --- [    Test worker] o.s.jdbc.core.JdbcTemplate               : Executing prepared SQL query
2025-01-09 09:24:08.701 DEBUG 37355 --- [    Test worker] o.s.jdbc.core.JdbcTemplate               : Executing prepared SQL statement [select id, item_name, price, quantity from item where item_name like concat('%',?,'%')]
2025-01-09 09:24:08.702 DEBUG 37355 --- [    Test worker] o.s.jdbc.core.BeanPropertyRowMapper      : Mapping column 'ID' to property 'id' of type 'java.lang.Long'
2025-01-09 09:24:08.702 DEBUG 37355 --- [    Test worker] o.s.jdbc.core.BeanPropertyRowMapper      : Mapping column 'ITEM_NAME' to property 'itemName' of type 'java.lang.String'
2025-01-09 09:24:08.702 DEBUG 37355 --- [    Test worker] o.s.jdbc.core.BeanPropertyRowMapper      : Mapping column 'PRICE' to property 'price' of type 'java.lang.Integer'
2025-01-09 09:24:08.702 DEBUG 37355 --- [    Test worker] o.s.jdbc.core.BeanPropertyRowMapper      : Mapping column 'QUANTITY' to property 'quantity' of type 'java.lang.Integer'
2025-01-09 09:24:08.702  INFO 37355 --- [    Test worker] h.i.r.j.JdbcTemplateItemRepositoryV3     : sql=select id, item_name, price, quantity from item where item_name like concat('%',:itemName,'%')
2025-01-09 09:24:08.702 DEBUG 37355 --- [    Test worker] o.s.jdbc.core.JdbcTemplate               : Executing prepared SQL query
2025-01-09 09:24:08.702 DEBUG 37355 --- [    Test worker] o.s.jdbc.core.JdbcTemplate               : Executing prepared SQL statement [select id, item_name, price, quantity from item where item_name like concat('%',?,'%')]
2025-01-09 09:24:08.703 DEBUG 37355 --- [    Test worker] o.s.jdbc.core.BeanPropertyRowMapper      : Mapping column 'ID' to property 'id' of type 'java.lang.Long'
2025-01-09 09:24:08.703 DEBUG 37355 --- [    Test worker] o.s.jdbc.core.BeanPropertyRowMapper      : Mapping column 'ITEM_NAME' to property 'itemName' of type 'java.lang.String'
2025-01-09 09:24:08.703 DEBUG 37355 --- [    Test worker] o.s.jdbc.core.BeanPropertyRowMapper      : Mapping column 'PRICE' to property 'price' of type 'java.lang.Integer'
2025-01-09 09:24:08.703 DEBUG 37355 --- [    Test worker] o.s.jdbc.core.BeanPropertyRowMapper      : Mapping column 'QUANTITY' to property 'quantity' of type 'java.lang.Integer'
2025-01-09 09:24:08.703  INFO 37355 --- [    Test worker] h.i.r.j.JdbcTemplateItemRepositoryV3     : sql=select id, item_name, price, quantity from item where item_name like concat('%',:itemName,'%')
2025-01-09 09:24:08.703 DEBUG 37355 --- [    Test worker] o.s.jdbc.core.JdbcTemplate               : Executing prepared SQL query
2025-01-09 09:24:08.703 DEBUG 37355 --- [    Test worker] o.s.jdbc.core.JdbcTemplate               : Executing prepared SQL statement [select id, item_name, price, quantity from item where item_name like concat('%',?,'%')]
2025-01-09 09:24:08.703 DEBUG 37355 --- [    Test worker] o.s.jdbc.core.BeanPropertyRowMapper      : Mapping column 'ID' to property 'id' of type 'java.lang.Long'
2025-01-09 09:24:08.703 DEBUG 37355 --- [    Test worker] o.s.jdbc.core.BeanPropertyRowMapper      : Mapping column 'ITEM_NAME' to property 'itemName' of type 'java.lang.String'
2025-01-09 09:24:08.703 DEBUG 37355 --- [    Test worker] o.s.jdbc.core.BeanPropertyRowMapper      : Mapping column 'PRICE' to property 'price' of type 'java.lang.Integer'
2025-01-09 09:24:08.704 DEBUG 37355 --- [    Test worker] o.s.jdbc.core.BeanPropertyRowMapper      : Mapping column 'QUANTITY' to property 'quantity' of type 'java.lang.Integer'
2025-01-09 09:24:08.704  INFO 37355 --- [    Test worker] h.i.r.j.JdbcTemplateItemRepositoryV3     : sql=select id, item_name, price, quantity from item where price <= :maxPrice
2025-01-09 09:24:08.704 DEBUG 37355 --- [    Test worker] o.s.jdbc.core.JdbcTemplate               : Executing prepared SQL query
2025-01-09 09:24:08.704 DEBUG 37355 --- [    Test worker] o.s.jdbc.core.JdbcTemplate               : Executing prepared SQL statement [select id, item_name, price, quantity from item where price <= ?]
2025-01-09 09:24:08.705 DEBUG 37355 --- [    Test worker] o.s.jdbc.core.BeanPropertyRowMapper      : Mapping column 'ID' to property 'id' of type 'java.lang.Long'
2025-01-09 09:24:08.705 DEBUG 37355 --- [    Test worker] o.s.jdbc.core.BeanPropertyRowMapper      : Mapping column 'ITEM_NAME' to property 'itemName' of type 'java.lang.String'
2025-01-09 09:24:08.705 DEBUG 37355 --- [    Test worker] o.s.jdbc.core.BeanPropertyRowMapper      : Mapping column 'PRICE' to property 'price' of type 'java.lang.Integer'
2025-01-09 09:24:08.705 DEBUG 37355 --- [    Test worker] o.s.jdbc.core.BeanPropertyRowMapper      : Mapping column 'QUANTITY' to property 'quantity' of type 'java.lang.Integer'
2025-01-09 09:24:08.705  INFO 37355 --- [    Test worker] h.i.r.j.JdbcTemplateItemRepositoryV3     : sql=select id, item_name, price, quantity from item where item_name like concat('%',:itemName,'%') and price <= :maxPrice
2025-01-09 09:24:08.705 DEBUG 37355 --- [    Test worker] o.s.jdbc.core.JdbcTemplate               : Executing prepared SQL query
2025-01-09 09:24:08.705 DEBUG 37355 --- [    Test worker] o.s.jdbc.core.JdbcTemplate               : Executing prepared SQL statement [select id, item_name, price, quantity from item where item_name like concat('%',?,'%') and price <= ?]
2025-01-09 09:24:08.705 DEBUG 37355 --- [    Test worker] o.s.jdbc.core.BeanPropertyRowMapper      : Mapping column 'ID' to property 'id' of type 'java.lang.Long'
2025-01-09 09:24:08.705 DEBUG 37355 --- [    Test worker] o.s.jdbc.core.BeanPropertyRowMapper      : Mapping column 'ITEM_NAME' to property 'itemName' of type 'java.lang.String'
2025-01-09 09:24:08.706 DEBUG 37355 --- [    Test worker] o.s.jdbc.core.BeanPropertyRowMapper      : Mapping column 'PRICE' to property 'price' of type 'java.lang.Integer'
2025-01-09 09:24:08.706 DEBUG 37355 --- [    Test worker] o.s.jdbc.core.BeanPropertyRowMapper      : Mapping column 'QUANTITY' to property 'quantity' of type 'java.lang.Integer'
2025-01-09 09:24:08.707 DEBUG 37355 --- [    Test worker] o.s.jdbc.support.JdbcTransactionManager  : Initiating transaction rollback
2025-01-09 09:24:08.707 DEBUG 37355 --- [    Test worker] o.s.jdbc.support.JdbcTransactionManager  : Rolling back JDBC transaction on Connection [HikariProxyConnection@1881183983 wrapping conn0: url=jdbc:h2:mem:2746a7b8-82d2-4d48-a7f1-beda1c6990c9 user=SA]
2025-01-09 09:24:08.707 DEBUG 37355 --- [    Test worker] o.s.jdbc.support.JdbcTransactionManager  : Releasing JDBC Connection [HikariProxyConnection@1881183983 wrapping conn0: url=jdbc:h2:mem:2746a7b8-82d2-4d48-a7f1-beda1c6990c9 user=SA] after transaction
2025-01-09 09:24:08.707  INFO 37355 --- [    Test worker] o.s.t.c.transaction.TransactionContext   : Rolled back transaction for test: [DefaultTestContext@2c88b9fc testClass = ItemRepositoryTest, testInstance = hello.itemservice.domain.ItemRepositoryTest@5f0d8937, testMethod = findItems@ItemRepositoryTest, testException = [null], mergedContextConfiguration = [WebMergedContextConfiguration@64dafeed testClass = ItemRepositoryTest, locations = '{}', classes = '{class hello.itemservice.ItemServiceApplication}', contextInitializerClasses = '[]', activeProfiles = '{}', propertySourceLocations = '{}', propertySourceProperties = '{org.springframework.boot.test.context.SpringBootTestContextBootstrapper=true}', contextCustomizers = set[org.springframework.boot.test.autoconfigure.actuate.metrics.MetricsExportContextCustomizerFactory$DisableMetricExportContextCustomizer@432038ec, org.springframework.boot.test.autoconfigure.properties.PropertyMappingContextCustomizer@0, org.springframework.boot.test.autoconfigure.web.servlet.WebDriverContextCustomizerFactory$Customizer@6d167f58, org.springframework.boot.test.context.filter.ExcludeFilterContextCustomizer@19c65cdc, org.springframework.boot.test.json.DuplicateJsonObjectContextCustomizerFactory$DuplicateJsonObjectContextCustomizer@38b27cdc, org.springframework.boot.test.mock.mockito.MockitoContextCustomizer@0, org.springframework.boot.test.web.client.TestRestTemplateContextCustomizer@401f7633, org.springframework.boot.test.context.SpringBootTestArgs@1, org.springframework.boot.test.context.SpringBootTestWebEnvironment@c86b9e3], resourceBasePath = 'src/main/webapp', contextLoader = 'org.springframework.boot.test.context.SpringBootContextLoader', parent = [null]], attributes = map['org.springframework.test.context.web.ServletTestExecutionListener.activateListener' -> true, 'org.springframework.test.context.web.ServletTestExecutionListener.populatedRequestContextHolder' -> true, 'org.springframework.test.context.web.ServletTestExecutionListener.resetRequestContextHolder' -> true, 'org.springframework.test.context.event.ApplicationEventsTestExecutionListener.recordApplicationEvents' -> false]]
]]></system-out>
  <system-err><![CDATA[]]></system-err>
</testsuite>
